10-May-2018 10:58:26.747 WARNING [main] org.apache.tomcat.util.digester.SetPropertiesRule.begin [SetPropertiesRule]{Server/Service/Engine/Realm/Realm} Setting property 'resourceName' to 'MYSQLDatabase' did not find a matching property.
10-May-2018 10:58:26.747 WARNING [main] org.apache.tomcat.util.digester.SetPropertiesRule.begin [SetPropertiesRule]{Server/Service/Engine/Realm/Realm} Setting property 'debug' to '9' did not find a matching property.
10-May-2018 10:58:26.778 WARNING [main] org.apache.catalina.core.StandardContext.setPath A context path must either be an empty string or start with a '/' and do not end with a '/'. The path [/] does not meet these criteria and has been changed to []
10-May-2018 10:58:26.793 INFO [main] org.apache.catalina.startup.VersionLoggerListener.log Server version:        Apache Tomcat/8.5.29
10-May-2018 10:58:26.793 INFO [main] org.apache.catalina.startup.VersionLoggerListener.log Server built:          Mar 5 2018 13:11:12 UTC
10-May-2018 10:58:26.793 INFO [main] org.apache.catalina.startup.VersionLoggerListener.log Server number:         8.5.29.0
10-May-2018 10:58:26.809 INFO [main] org.apache.catalina.startup.VersionLoggerListener.log OS Name:               Windows 10
10-May-2018 10:58:26.809 INFO [main] org.apache.catalina.startup.VersionLoggerListener.log OS Version:            10.0
10-May-2018 10:58:26.809 INFO [main] org.apache.catalina.startup.VersionLoggerListener.log Architecture:          amd64
10-May-2018 10:58:26.809 INFO [main] org.apache.catalina.startup.VersionLoggerListener.log Java Home:             C:\Program Files\Java\jdk1.8.0_161\jre
10-May-2018 10:58:26.809 INFO [main] org.apache.catalina.startup.VersionLoggerListener.log JVM Version:           1.8.0_161-b12
10-May-2018 10:58:26.809 INFO [main] org.apache.catalina.startup.VersionLoggerListener.log JVM Vendor:            Oracle Corporation
10-May-2018 10:58:26.809 INFO [main] org.apache.catalina.startup.VersionLoggerListener.log CATALINA_BASE:         C:\Disk\Web development\eclipse\EEworkspace\WebProject\tomcat temp\apache-tomcat-8.5.29
10-May-2018 10:58:26.809 INFO [main] org.apache.catalina.startup.VersionLoggerListener.log CATALINA_HOME:         C:\Disk\Web development\eclipse\EEworkspace\WebProject\tomcat temp\apache-tomcat-8.5.29
10-May-2018 10:58:26.809 INFO [main] org.apache.catalina.startup.VersionLoggerListener.log Command line argument: -Djava.util.logging.config.file=C:\Disk\Web development\eclipse\EEworkspace\WebProject\tomcat temp\apache-tomcat-8.5.29\conf\logging.properties
10-May-2018 10:58:26.809 INFO [main] org.apache.catalina.startup.VersionLoggerListener.log Command line argument: -Djava.util.logging.manager=org.apache.juli.ClassLoaderLogManager
10-May-2018 10:58:26.809 INFO [main] org.apache.catalina.startup.VersionLoggerListener.log Command line argument: -Djdk.tls.ephemeralDHKeySize=2048
10-May-2018 10:58:26.809 INFO [main] org.apache.catalina.startup.VersionLoggerListener.log Command line argument: -Djava.protocol.handler.pkgs=org.apache.catalina.webresources
10-May-2018 10:58:26.809 INFO [main] org.apache.catalina.startup.VersionLoggerListener.log Command line argument: -Dignore.endorsed.dirs=
10-May-2018 10:58:26.809 INFO [main] org.apache.catalina.startup.VersionLoggerListener.log Command line argument: -Dcatalina.base=C:\Disk\Web development\eclipse\EEworkspace\WebProject\tomcat temp\apache-tomcat-8.5.29
10-May-2018 10:58:26.809 INFO [main] org.apache.catalina.startup.VersionLoggerListener.log Command line argument: -Dcatalina.home=C:\Disk\Web development\eclipse\EEworkspace\WebProject\tomcat temp\apache-tomcat-8.5.29
10-May-2018 10:58:26.809 INFO [main] org.apache.catalina.startup.VersionLoggerListener.log Command line argument: -Djava.io.tmpdir=C:\Disk\Web development\eclipse\EEworkspace\WebProject\tomcat temp\apache-tomcat-8.5.29\temp
10-May-2018 10:58:26.809 INFO [main] org.apache.catalina.core.AprLifecycleListener.lifecycleEvent Loaded APR based Apache Tomcat Native library [1.2.16] using APR version [1.6.3].
10-May-2018 10:58:26.809 INFO [main] org.apache.catalina.core.AprLifecycleListener.lifecycleEvent APR capabilities: IPv6 [true], sendfile [true], accept filters [false], random [true].
10-May-2018 10:58:26.809 INFO [main] org.apache.catalina.core.AprLifecycleListener.lifecycleEvent APR/OpenSSL configuration: useAprConnector [false], useOpenSSL [true]
10-May-2018 10:58:27.634 INFO [main] org.apache.catalina.core.AprLifecycleListener.initializeSSL OpenSSL successfully initialized [OpenSSL 1.0.2m  2 Nov 2017]
10-May-2018 10:58:27.916 INFO [main] org.apache.coyote.AbstractProtocol.init Initializing ProtocolHandler ["http-nio-8080"]
10-May-2018 10:58:28.039 INFO [main] org.apache.tomcat.util.net.NioSelectorPool.getSharedSelector Using a shared selector for servlet write/read
10-May-2018 10:58:28.039 INFO [main] org.apache.coyote.AbstractProtocol.init Initializing ProtocolHandler ["ajp-nio-8009"]
10-May-2018 10:58:28.039 INFO [main] org.apache.tomcat.util.net.NioSelectorPool.getSharedSelector Using a shared selector for servlet write/read
10-May-2018 10:58:28.039 INFO [main] org.apache.catalina.startup.Catalina.load Initialization processed in 3545 ms
10-May-2018 10:58:28.054 INFO [main] org.apache.catalina.core.StandardService.startInternal Starting service [Catalina]
10-May-2018 10:58:28.054 INFO [main] org.apache.catalina.core.StandardEngine.startInternal Starting Servlet Engine: Apache Tomcat/8.5.29
10-May-2018 10:58:28.332 SEVERE [main] org.apache.catalina.realm.JDBCRealm.startInternal Exception opening database connection
 java.sql.SQLException: Access denied for user 'root'@'localhost' (using password: YES)
	at com.mysql.jdbc.SQLError.createSQLException(SQLError.java:965)
	at com.mysql.jdbc.MysqlIO.checkErrorPacket(MysqlIO.java:3976)
	at com.mysql.jdbc.MysqlIO.checkErrorPacket(MysqlIO.java:3912)
	at com.mysql.jdbc.MysqlIO.checkErrorPacket(MysqlIO.java:871)
	at com.mysql.jdbc.MysqlIO.proceedHandshakeWithPluggableAuthentication(MysqlIO.java:1714)
	at com.mysql.jdbc.MysqlIO.doHandshake(MysqlIO.java:1224)
	at com.mysql.jdbc.ConnectionImpl.coreConnect(ConnectionImpl.java:2190)
	at com.mysql.jdbc.ConnectionImpl.connectOneTryOnly(ConnectionImpl.java:2221)
	at com.mysql.jdbc.ConnectionImpl.createNewIO(ConnectionImpl.java:2016)
	at com.mysql.jdbc.ConnectionImpl.<init>(ConnectionImpl.java:776)
	at com.mysql.jdbc.JDBC4Connection.<init>(JDBC4Connection.java:47)
	at sun.reflect.NativeConstructorAccessorImpl.newInstance0(Native Method)
	at sun.reflect.NativeConstructorAccessorImpl.newInstance(NativeConstructorAccessorImpl.java:62)
	at sun.reflect.DelegatingConstructorAccessorImpl.newInstance(DelegatingConstructorAccessorImpl.java:45)
	at java.lang.reflect.Constructor.newInstance(Constructor.java:423)
	at com.mysql.jdbc.Util.handleNewInstance(Util.java:425)
	at com.mysql.jdbc.ConnectionImpl.getInstance(ConnectionImpl.java:386)
	at com.mysql.jdbc.NonRegisteringDriver.connect(NonRegisteringDriver.java:330)
	at org.apache.catalina.realm.JDBCRealm.open(JDBCRealm.java:670)
	at org.apache.catalina.realm.JDBCRealm.startInternal(JDBCRealm.java:733)
	at org.apache.catalina.util.LifecycleBase.start(LifecycleBase.java:150)
	at org.apache.catalina.realm.CombinedRealm.startInternal(CombinedRealm.java:252)
	at org.apache.catalina.realm.LockOutRealm.startInternal(LockOutRealm.java:120)
	at org.apache.catalina.util.LifecycleBase.start(LifecycleBase.java:150)
	at org.apache.catalina.core.ContainerBase.startInternal(ContainerBase.java:928)
	at org.apache.catalina.core.StandardEngine.startInternal(StandardEngine.java:262)
	at org.apache.catalina.util.LifecycleBase.start(LifecycleBase.java:150)
	at org.apache.catalina.core.StandardService.startInternal(StandardService.java:422)
	at org.apache.catalina.util.LifecycleBase.start(LifecycleBase.java:150)
	at org.apache.catalina.core.StandardServer.startInternal(StandardServer.java:793)
	at org.apache.catalina.util.LifecycleBase.start(LifecycleBase.java:150)
	at org.apache.catalina.startup.Catalina.start(Catalina.java:681)
	at sun.reflect.NativeMethodAccessorImpl.invoke0(Native Method)
	at sun.reflect.NativeMethodAccessorImpl.invoke(NativeMethodAccessorImpl.java:62)
	at sun.reflect.DelegatingMethodAccessorImpl.invoke(DelegatingMethodAccessorImpl.java:43)
	at java.lang.reflect.Method.invoke(Method.java:498)
	at org.apache.catalina.startup.Bootstrap.start(Bootstrap.java:353)
	at org.apache.catalina.startup.Bootstrap.main(Bootstrap.java:493)

10-May-2018 10:58:29.434 FINE [localhost-startStop-1] org.apache.catalina.authenticator.AuthenticatorBase.startInternal No SingleSignOn Valve is present
10-May-2018 10:58:29.481 INFO [localhost-startStop-1] org.apache.jasper.servlet.TldScanner.scanJars At least one JAR was scanned for TLDs yet contained no TLDs. Enable debug logging for this logger for a complete list of JARs that were scanned but no TLDs were found in them. Skipping unneeded JARs during scanning can improve startup time and JSP compilation time.
10-May-2018 10:58:29.544 INFO [localhost-startStop-1] org.apache.catalina.startup.HostConfig.deployWAR Deploying web application archive [C:\Disk\Web development\eclipse\EEworkspace\WebProject\tomcat temp\apache-tomcat-8.5.29\webapps\WebProject.war]
10-May-2018 10:58:30.351 FINE [localhost-startStop-1] org.apache.catalina.authenticator.AuthenticatorBase.startInternal No SingleSignOn Valve is present
10-May-2018 10:58:30.372 INFO [localhost-startStop-1] org.apache.jasper.servlet.TldScanner.scanJars At least one JAR was scanned for TLDs yet contained no TLDs. Enable debug logging for this logger for a complete list of JARs that were scanned but no TLDs were found in them. Skipping unneeded JARs during scanning can improve startup time and JSP compilation time.
10-May-2018 10:58:30.384 INFO [localhost-startStop-1] org.apache.catalina.startup.HostConfig.deployWAR Deployment of web application archive [C:\Disk\Web development\eclipse\EEworkspace\WebProject\tomcat temp\apache-tomcat-8.5.29\webapps\WebProject.war] has finished in [840] ms
10-May-2018 10:58:30.385 INFO [localhost-startStop-1] org.apache.catalina.startup.HostConfig.deployDirectory Deploying web application directory [C:\Disk\Web development\eclipse\EEworkspace\WebProject\tomcat temp\apache-tomcat-8.5.29\webapps\docs]
10-May-2018 10:58:30.571 FINE [localhost-startStop-1] org.apache.catalina.authenticator.AuthenticatorBase.startInternal No SingleSignOn Valve is present
10-May-2018 10:58:30.578 INFO [localhost-startStop-1] org.apache.jasper.servlet.TldScanner.scanJars At least one JAR was scanned for TLDs yet contained no TLDs. Enable debug logging for this logger for a complete list of JARs that were scanned but no TLDs were found in them. Skipping unneeded JARs during scanning can improve startup time and JSP compilation time.
10-May-2018 10:58:30.585 INFO [localhost-startStop-1] org.apache.catalina.startup.HostConfig.deployDirectory Deployment of web application directory [C:\Disk\Web development\eclipse\EEworkspace\WebProject\tomcat temp\apache-tomcat-8.5.29\webapps\docs] has finished in [200] ms
10-May-2018 10:58:30.585 INFO [localhost-startStop-1] org.apache.catalina.startup.HostConfig.deployDirectory Deploying web application directory [C:\Disk\Web development\eclipse\EEworkspace\WebProject\tomcat temp\apache-tomcat-8.5.29\webapps\examples]
10-May-2018 10:58:30.953 FINE [localhost-startStop-1] org.apache.catalina.authenticator.AuthenticatorBase.startInternal No SingleSignOn Valve is present
10-May-2018 10:58:31.177 INFO [localhost-startStop-1] org.apache.jasper.servlet.TldScanner.scanJars At least one JAR was scanned for TLDs yet contained no TLDs. Enable debug logging for this logger for a complete list of JARs that were scanned but no TLDs were found in them. Skipping unneeded JARs during scanning can improve startup time and JSP compilation time.
10-May-2018 10:58:31.253 INFO [localhost-startStop-1] org.apache.catalina.startup.HostConfig.deployDirectory Deployment of web application directory [C:\Disk\Web development\eclipse\EEworkspace\WebProject\tomcat temp\apache-tomcat-8.5.29\webapps\examples] has finished in [668] ms
10-May-2018 10:58:31.254 INFO [localhost-startStop-1] org.apache.catalina.startup.HostConfig.deployDirectory Deploying web application directory [C:\Disk\Web development\eclipse\EEworkspace\WebProject\tomcat temp\apache-tomcat-8.5.29\webapps\host-manager]
10-May-2018 10:58:31.466 FINE [localhost-startStop-1] org.apache.catalina.authenticator.AuthenticatorBase.startInternal No SingleSignOn Valve is present
10-May-2018 10:58:31.471 INFO [localhost-startStop-1] org.apache.jasper.servlet.TldScanner.scanJars At least one JAR was scanned for TLDs yet contained no TLDs. Enable debug logging for this logger for a complete list of JARs that were scanned but no TLDs were found in them. Skipping unneeded JARs during scanning can improve startup time and JSP compilation time.
10-May-2018 10:58:31.474 INFO [localhost-startStop-1] org.apache.catalina.startup.HostConfig.deployDirectory Deployment of web application directory [C:\Disk\Web development\eclipse\EEworkspace\WebProject\tomcat temp\apache-tomcat-8.5.29\webapps\host-manager] has finished in [220] ms
10-May-2018 10:58:31.475 INFO [localhost-startStop-1] org.apache.catalina.startup.HostConfig.deployDirectory Deploying web application directory [C:\Disk\Web development\eclipse\EEworkspace\WebProject\tomcat temp\apache-tomcat-8.5.29\webapps\manager]
10-May-2018 10:58:31.673 FINE [localhost-startStop-1] org.apache.catalina.authenticator.AuthenticatorBase.startInternal No SingleSignOn Valve is present
10-May-2018 10:58:31.678 INFO [localhost-startStop-1] org.apache.jasper.servlet.TldScanner.scanJars At least one JAR was scanned for TLDs yet contained no TLDs. Enable debug logging for this logger for a complete list of JARs that were scanned but no TLDs were found in them. Skipping unneeded JARs during scanning can improve startup time and JSP compilation time.
10-May-2018 10:58:31.682 INFO [localhost-startStop-1] org.apache.catalina.startup.HostConfig.deployDirectory Deployment of web application directory [C:\Disk\Web development\eclipse\EEworkspace\WebProject\tomcat temp\apache-tomcat-8.5.29\webapps\manager] has finished in [207] ms
10-May-2018 10:58:31.689 INFO [main] org.apache.coyote.AbstractProtocol.start Starting ProtocolHandler ["http-nio-8080"]
10-May-2018 10:58:31.698 INFO [main] org.apache.coyote.AbstractProtocol.start Starting ProtocolHandler ["ajp-nio-8009"]
10-May-2018 10:58:31.701 INFO [main] org.apache.catalina.startup.Catalina.start Server startup in 3650 ms
10-May-2018 10:58:34.924 FINE [http-nio-8080-exec-1] org.apache.catalina.authenticator.AuthenticatorBase.invoke Security checking request GET /WebProject/index.html
10-May-2018 10:58:34.927 FINE [http-nio-8080-exec-1] org.apache.catalina.realm.RealmBase.findSecurityConstraints   Checking constraint 'SecurityConstraint[Admin Protected]' against GET /index.html --> false
10-May-2018 10:58:34.927 FINE [http-nio-8080-exec-1] org.apache.catalina.realm.RealmBase.findSecurityConstraints   Checking constraint 'SecurityConstraint[User Protected]' against GET /index.html --> false
10-May-2018 10:58:34.928 FINE [http-nio-8080-exec-1] org.apache.catalina.realm.RealmBase.findSecurityConstraints   Checking constraint 'SecurityConstraint[Admin Protected]' against GET /index.html --> false
10-May-2018 10:58:34.928 FINE [http-nio-8080-exec-1] org.apache.catalina.realm.RealmBase.findSecurityConstraints   Checking constraint 'SecurityConstraint[User Protected]' against GET /index.html --> false
10-May-2018 10:58:34.929 FINE [http-nio-8080-exec-1] org.apache.catalina.realm.RealmBase.findSecurityConstraints   Checking constraint 'SecurityConstraint[Admin Protected]' against GET /index.html --> false
10-May-2018 10:58:34.929 FINE [http-nio-8080-exec-1] org.apache.catalina.realm.RealmBase.findSecurityConstraints   Checking constraint 'SecurityConstraint[User Protected]' against GET /index.html --> false
10-May-2018 10:58:34.930 FINE [http-nio-8080-exec-1] org.apache.catalina.realm.RealmBase.findSecurityConstraints   Checking constraint 'SecurityConstraint[Admin Protected]' against GET /index.html --> false
10-May-2018 10:58:34.931 FINE [http-nio-8080-exec-1] org.apache.catalina.realm.RealmBase.findSecurityConstraints   Checking constraint 'SecurityConstraint[User Protected]' against GET /index.html --> false
10-May-2018 10:58:34.931 FINE [http-nio-8080-exec-1] org.apache.catalina.realm.RealmBase.findSecurityConstraints   No applicable constraint located
10-May-2018 10:58:34.936 FINE [http-nio-8080-exec-1] org.apache.catalina.authenticator.jaspic.AuthConfigFactoryImpl.loadPersistentRegistrations Loading persistent provider registrations from [C:\Disk\Web development\eclipse\EEworkspace\WebProject\tomcat temp\apache-tomcat-8.5.29\conf\jaspic-providers.xml]
10-May-2018 10:58:34.955 FINE [http-nio-8080-exec-1] org.apache.catalina.authenticator.AuthenticatorBase.invoke  Not subject to any constraint
10-May-2018 10:58:35.132 FINE [http-nio-8080-exec-2] org.apache.catalina.authenticator.AuthenticatorBase.invoke Security checking request GET /favicon.ico
10-May-2018 10:58:35.132 FINE [http-nio-8080-exec-2] org.apache.catalina.realm.RealmBase.findSecurityConstraints   Checking constraint 'SecurityConstraint[User Protected]' against GET /favicon.ico --> false
10-May-2018 10:58:35.134 FINE [http-nio-8080-exec-2] org.apache.catalina.realm.RealmBase.findSecurityConstraints   Checking constraint 'SecurityConstraint[Admin Protected]' against GET /favicon.ico --> false
10-May-2018 10:58:35.135 FINE [http-nio-8080-exec-2] org.apache.catalina.realm.RealmBase.findSecurityConstraints   Checking constraint 'SecurityConstraint[User Protected]' against GET /favicon.ico --> false
10-May-2018 10:58:35.135 FINE [http-nio-8080-exec-2] org.apache.catalina.realm.RealmBase.findSecurityConstraints   Checking constraint 'SecurityConstraint[Admin Protected]' against GET /favicon.ico --> false
10-May-2018 10:58:35.136 FINE [http-nio-8080-exec-2] org.apache.catalina.realm.RealmBase.findSecurityConstraints   Checking constraint 'SecurityConstraint[User Protected]' against GET /favicon.ico --> false
10-May-2018 10:58:35.136 FINE [http-nio-8080-exec-2] org.apache.catalina.realm.RealmBase.findSecurityConstraints   Checking constraint 'SecurityConstraint[Admin Protected]' against GET /favicon.ico --> false
10-May-2018 10:58:35.136 FINE [http-nio-8080-exec-2] org.apache.catalina.realm.RealmBase.findSecurityConstraints   Checking constraint 'SecurityConstraint[User Protected]' against GET /favicon.ico --> false
10-May-2018 10:58:35.137 FINE [http-nio-8080-exec-2] org.apache.catalina.realm.RealmBase.findSecurityConstraints   Checking constraint 'SecurityConstraint[Admin Protected]' against GET /favicon.ico --> false
10-May-2018 10:58:35.137 FINE [http-nio-8080-exec-2] org.apache.catalina.realm.RealmBase.findSecurityConstraints   No applicable constraint located
10-May-2018 10:58:35.138 FINE [http-nio-8080-exec-2] org.apache.catalina.authenticator.AuthenticatorBase.invoke  Not subject to any constraint
10-May-2018 10:58:36.537 FINE [http-nio-8080-exec-3] org.apache.catalina.authenticator.AuthenticatorBase.invoke Security checking request GET /WebProject/login.html
10-May-2018 10:58:36.537 FINE [http-nio-8080-exec-3] org.apache.catalina.realm.RealmBase.findSecurityConstraints   Checking constraint 'SecurityConstraint[Admin Protected]' against GET /login.html --> false
10-May-2018 10:58:36.539 FINE [http-nio-8080-exec-3] org.apache.catalina.realm.RealmBase.findSecurityConstraints   Checking constraint 'SecurityConstraint[User Protected]' against GET /login.html --> false
10-May-2018 10:58:36.540 FINE [http-nio-8080-exec-3] org.apache.catalina.realm.RealmBase.findSecurityConstraints   Checking constraint 'SecurityConstraint[Admin Protected]' against GET /login.html --> false
10-May-2018 10:58:36.541 FINE [http-nio-8080-exec-3] org.apache.catalina.realm.RealmBase.findSecurityConstraints   Checking constraint 'SecurityConstraint[User Protected]' against GET /login.html --> false
10-May-2018 10:58:36.541 FINE [http-nio-8080-exec-3] org.apache.catalina.realm.RealmBase.findSecurityConstraints   Checking constraint 'SecurityConstraint[Admin Protected]' against GET /login.html --> false
10-May-2018 10:58:36.541 FINE [http-nio-8080-exec-3] org.apache.catalina.realm.RealmBase.findSecurityConstraints   Checking constraint 'SecurityConstraint[User Protected]' against GET /login.html --> false
10-May-2018 10:58:36.542 FINE [http-nio-8080-exec-3] org.apache.catalina.realm.RealmBase.findSecurityConstraints   Checking constraint 'SecurityConstraint[Admin Protected]' against GET /login.html --> false
10-May-2018 10:58:36.542 FINE [http-nio-8080-exec-3] org.apache.catalina.realm.RealmBase.findSecurityConstraints   Checking constraint 'SecurityConstraint[User Protected]' against GET /login.html --> false
10-May-2018 10:58:36.542 FINE [http-nio-8080-exec-3] org.apache.catalina.realm.RealmBase.findSecurityConstraints   No applicable constraint located
10-May-2018 10:58:36.542 FINE [http-nio-8080-exec-3] org.apache.catalina.authenticator.AuthenticatorBase.invoke  Not subject to any constraint
10-May-2018 10:58:39.563 FINE [http-nio-8080-exec-4] org.apache.catalina.authenticator.AuthenticatorBase.invoke Security checking request GET /WebProject/GitAuth
10-May-2018 10:58:39.563 FINE [http-nio-8080-exec-4] org.apache.catalina.realm.RealmBase.findSecurityConstraints   Checking constraint 'SecurityConstraint[Admin Protected]' against GET /GitAuth --> false
10-May-2018 10:58:39.565 FINE [http-nio-8080-exec-4] org.apache.catalina.realm.RealmBase.findSecurityConstraints   Checking constraint 'SecurityConstraint[User Protected]' against GET /GitAuth --> false
10-May-2018 10:58:39.565 FINE [http-nio-8080-exec-4] org.apache.catalina.realm.RealmBase.findSecurityConstraints   Checking constraint 'SecurityConstraint[Admin Protected]' against GET /GitAuth --> false
10-May-2018 10:58:39.566 FINE [http-nio-8080-exec-4] org.apache.catalina.realm.RealmBase.findSecurityConstraints   Checking constraint 'SecurityConstraint[User Protected]' against GET /GitAuth --> false
10-May-2018 10:58:39.566 FINE [http-nio-8080-exec-4] org.apache.catalina.realm.RealmBase.findSecurityConstraints   Checking constraint 'SecurityConstraint[Admin Protected]' against GET /GitAuth --> false
10-May-2018 10:58:39.567 FINE [http-nio-8080-exec-4] org.apache.catalina.realm.RealmBase.findSecurityConstraints   Checking constraint 'SecurityConstraint[User Protected]' against GET /GitAuth --> false
10-May-2018 10:58:39.567 FINE [http-nio-8080-exec-4] org.apache.catalina.realm.RealmBase.findSecurityConstraints   Checking constraint 'SecurityConstraint[Admin Protected]' against GET /GitAuth --> false
10-May-2018 10:58:39.568 FINE [http-nio-8080-exec-4] org.apache.catalina.realm.RealmBase.findSecurityConstraints   Checking constraint 'SecurityConstraint[User Protected]' against GET /GitAuth --> false
10-May-2018 10:58:39.568 FINE [http-nio-8080-exec-4] org.apache.catalina.realm.RealmBase.findSecurityConstraints   No applicable constraint located
10-May-2018 10:58:39.569 FINE [http-nio-8080-exec-4] org.apache.catalina.authenticator.AuthenticatorBase.invoke  Not subject to any constraint
10-May-2018 11:16:20.577 WARNING [main] org.apache.tomcat.util.digester.SetPropertiesRule.begin [SetPropertiesRule]{Server/Service/Engine/Realm/Realm} Setting property 'resourceName' to 'MYSQLDatabase' did not find a matching property.
10-May-2018 11:16:20.577 WARNING [main] org.apache.tomcat.util.digester.SetPropertiesRule.begin [SetPropertiesRule]{Server/Service/Engine/Realm/Realm} Setting property 'debug' to '9' did not find a matching property.
10-May-2018 11:16:20.609 WARNING [main] org.apache.catalina.core.StandardContext.setPath A context path must either be an empty string or start with a '/' and do not end with a '/'. The path [/] does not meet these criteria and has been changed to []
10-May-2018 11:16:20.624 INFO [main] org.apache.catalina.startup.VersionLoggerListener.log Server version:        Apache Tomcat/8.5.29
10-May-2018 11:16:20.624 INFO [main] org.apache.catalina.startup.VersionLoggerListener.log Server built:          Mar 5 2018 13:11:12 UTC
10-May-2018 11:16:20.624 INFO [main] org.apache.catalina.startup.VersionLoggerListener.log Server number:         8.5.29.0
10-May-2018 11:16:20.624 INFO [main] org.apache.catalina.startup.VersionLoggerListener.log OS Name:               Windows 10
10-May-2018 11:16:20.624 INFO [main] org.apache.catalina.startup.VersionLoggerListener.log OS Version:            10.0
10-May-2018 11:16:20.624 INFO [main] org.apache.catalina.startup.VersionLoggerListener.log Architecture:          amd64
10-May-2018 11:16:20.624 INFO [main] org.apache.catalina.startup.VersionLoggerListener.log Java Home:             C:\Program Files\Java\jdk1.8.0_161\jre
10-May-2018 11:16:20.624 INFO [main] org.apache.catalina.startup.VersionLoggerListener.log JVM Version:           1.8.0_161-b12
10-May-2018 11:16:20.624 INFO [main] org.apache.catalina.startup.VersionLoggerListener.log JVM Vendor:            Oracle Corporation
10-May-2018 11:16:20.624 INFO [main] org.apache.catalina.startup.VersionLoggerListener.log CATALINA_BASE:         C:\Disk\Web development\eclipse\EEworkspace\WebProject\tomcat temp\apache-tomcat-8.5.29
10-May-2018 11:16:20.624 INFO [main] org.apache.catalina.startup.VersionLoggerListener.log CATALINA_HOME:         C:\Disk\Web development\eclipse\EEworkspace\WebProject\tomcat temp\apache-tomcat-8.5.29
10-May-2018 11:16:20.624 INFO [main] org.apache.catalina.startup.VersionLoggerListener.log Command line argument: -Djava.util.logging.config.file=C:\Disk\Web development\eclipse\EEworkspace\WebProject\tomcat temp\apache-tomcat-8.5.29\conf\logging.properties
10-May-2018 11:16:20.624 INFO [main] org.apache.catalina.startup.VersionLoggerListener.log Command line argument: -Djava.util.logging.manager=org.apache.juli.ClassLoaderLogManager
10-May-2018 11:16:20.624 INFO [main] org.apache.catalina.startup.VersionLoggerListener.log Command line argument: -Djdk.tls.ephemeralDHKeySize=2048
10-May-2018 11:16:20.624 INFO [main] org.apache.catalina.startup.VersionLoggerListener.log Command line argument: -Djava.protocol.handler.pkgs=org.apache.catalina.webresources
10-May-2018 11:16:20.624 INFO [main] org.apache.catalina.startup.VersionLoggerListener.log Command line argument: -Dignore.endorsed.dirs=
10-May-2018 11:16:20.624 INFO [main] org.apache.catalina.startup.VersionLoggerListener.log Command line argument: -Dcatalina.base=C:\Disk\Web development\eclipse\EEworkspace\WebProject\tomcat temp\apache-tomcat-8.5.29
10-May-2018 11:16:20.624 INFO [main] org.apache.catalina.startup.VersionLoggerListener.log Command line argument: -Dcatalina.home=C:\Disk\Web development\eclipse\EEworkspace\WebProject\tomcat temp\apache-tomcat-8.5.29
10-May-2018 11:16:20.624 INFO [main] org.apache.catalina.startup.VersionLoggerListener.log Command line argument: -Djava.io.tmpdir=C:\Disk\Web development\eclipse\EEworkspace\WebProject\tomcat temp\apache-tomcat-8.5.29\temp
10-May-2018 11:16:20.624 INFO [main] org.apache.catalina.core.AprLifecycleListener.lifecycleEvent Loaded APR based Apache Tomcat Native library [1.2.16] using APR version [1.6.3].
10-May-2018 11:16:20.624 INFO [main] org.apache.catalina.core.AprLifecycleListener.lifecycleEvent APR capabilities: IPv6 [true], sendfile [true], accept filters [false], random [true].
10-May-2018 11:16:20.624 INFO [main] org.apache.catalina.core.AprLifecycleListener.lifecycleEvent APR/OpenSSL configuration: useAprConnector [false], useOpenSSL [true]
10-May-2018 11:16:21.447 INFO [main] org.apache.catalina.core.AprLifecycleListener.initializeSSL OpenSSL successfully initialized [OpenSSL 1.0.2m  2 Nov 2017]
10-May-2018 11:16:21.572 INFO [main] org.apache.coyote.AbstractProtocol.init Initializing ProtocolHandler ["http-nio-8080"]
10-May-2018 11:16:21.681 INFO [main] org.apache.tomcat.util.net.NioSelectorPool.getSharedSelector Using a shared selector for servlet write/read
10-May-2018 11:16:21.697 INFO [main] org.apache.coyote.AbstractProtocol.init Initializing ProtocolHandler ["ajp-nio-8009"]
10-May-2018 11:16:21.697 INFO [main] org.apache.tomcat.util.net.NioSelectorPool.getSharedSelector Using a shared selector for servlet write/read
10-May-2018 11:16:21.697 INFO [main] org.apache.catalina.startup.Catalina.load Initialization processed in 1445 ms
10-May-2018 11:16:21.713 INFO [main] org.apache.catalina.core.StandardService.startInternal Starting service [Catalina]
10-May-2018 11:16:21.713 INFO [main] org.apache.catalina.core.StandardEngine.startInternal Starting Servlet Engine: Apache Tomcat/8.5.29
10-May-2018 11:16:21.943 SEVERE [main] org.apache.catalina.realm.JDBCRealm.startInternal Exception opening database connection
 java.sql.SQLException: Access denied for user 'root'@'localhost' (using password: YES)
	at com.mysql.jdbc.SQLError.createSQLException(SQLError.java:965)
	at com.mysql.jdbc.MysqlIO.checkErrorPacket(MysqlIO.java:3976)
	at com.mysql.jdbc.MysqlIO.checkErrorPacket(MysqlIO.java:3912)
	at com.mysql.jdbc.MysqlIO.checkErrorPacket(MysqlIO.java:871)
	at com.mysql.jdbc.MysqlIO.proceedHandshakeWithPluggableAuthentication(MysqlIO.java:1714)
	at com.mysql.jdbc.MysqlIO.doHandshake(MysqlIO.java:1224)
	at com.mysql.jdbc.ConnectionImpl.coreConnect(ConnectionImpl.java:2190)
	at com.mysql.jdbc.ConnectionImpl.connectOneTryOnly(ConnectionImpl.java:2221)
	at com.mysql.jdbc.ConnectionImpl.createNewIO(ConnectionImpl.java:2016)
	at com.mysql.jdbc.ConnectionImpl.<init>(ConnectionImpl.java:776)
	at com.mysql.jdbc.JDBC4Connection.<init>(JDBC4Connection.java:47)
	at sun.reflect.NativeConstructorAccessorImpl.newInstance0(Native Method)
	at sun.reflect.NativeConstructorAccessorImpl.newInstance(NativeConstructorAccessorImpl.java:62)
	at sun.reflect.DelegatingConstructorAccessorImpl.newInstance(DelegatingConstructorAccessorImpl.java:45)
	at java.lang.reflect.Constructor.newInstance(Constructor.java:423)
	at com.mysql.jdbc.Util.handleNewInstance(Util.java:425)
	at com.mysql.jdbc.ConnectionImpl.getInstance(ConnectionImpl.java:386)
	at com.mysql.jdbc.NonRegisteringDriver.connect(NonRegisteringDriver.java:330)
	at org.apache.catalina.realm.JDBCRealm.open(JDBCRealm.java:670)
	at org.apache.catalina.realm.JDBCRealm.startInternal(JDBCRealm.java:733)
	at org.apache.catalina.util.LifecycleBase.start(LifecycleBase.java:150)
	at org.apache.catalina.realm.CombinedRealm.startInternal(CombinedRealm.java:252)
	at org.apache.catalina.realm.LockOutRealm.startInternal(LockOutRealm.java:120)
	at org.apache.catalina.util.LifecycleBase.start(LifecycleBase.java:150)
	at org.apache.catalina.core.ContainerBase.startInternal(ContainerBase.java:928)
	at org.apache.catalina.core.StandardEngine.startInternal(StandardEngine.java:262)
	at org.apache.catalina.util.LifecycleBase.start(LifecycleBase.java:150)
	at org.apache.catalina.core.StandardService.startInternal(StandardService.java:422)
	at org.apache.catalina.util.LifecycleBase.start(LifecycleBase.java:150)
	at org.apache.catalina.core.StandardServer.startInternal(StandardServer.java:793)
	at org.apache.catalina.util.LifecycleBase.start(LifecycleBase.java:150)
	at org.apache.catalina.startup.Catalina.start(Catalina.java:681)
	at sun.reflect.NativeMethodAccessorImpl.invoke0(Native Method)
	at sun.reflect.NativeMethodAccessorImpl.invoke(NativeMethodAccessorImpl.java:62)
	at sun.reflect.DelegatingMethodAccessorImpl.invoke(DelegatingMethodAccessorImpl.java:43)
	at java.lang.reflect.Method.invoke(Method.java:498)
	at org.apache.catalina.startup.Bootstrap.start(Bootstrap.java:353)
	at org.apache.catalina.startup.Bootstrap.main(Bootstrap.java:493)

10-May-2018 11:16:22.947 FINE [localhost-startStop-1] org.apache.catalina.authenticator.AuthenticatorBase.startInternal No SingleSignOn Valve is present
10-May-2018 11:16:22.994 INFO [localhost-startStop-1] org.apache.jasper.servlet.TldScanner.scanJars At least one JAR was scanned for TLDs yet contained no TLDs. Enable debug logging for this logger for a complete list of JARs that were scanned but no TLDs were found in them. Skipping unneeded JARs during scanning can improve startup time and JSP compilation time.
10-May-2018 11:16:23.025 INFO [localhost-startStop-1] org.apache.catalina.startup.HostConfig.deployWAR Deploying web application archive [C:\Disk\Web development\eclipse\EEworkspace\WebProject\tomcat temp\apache-tomcat-8.5.29\webapps\WebProject.war]
10-May-2018 11:16:23.761 FINE [localhost-startStop-1] org.apache.catalina.authenticator.AuthenticatorBase.startInternal No SingleSignOn Valve is present
10-May-2018 11:16:23.777 INFO [localhost-startStop-1] org.apache.jasper.servlet.TldScanner.scanJars At least one JAR was scanned for TLDs yet contained no TLDs. Enable debug logging for this logger for a complete list of JARs that were scanned but no TLDs were found in them. Skipping unneeded JARs during scanning can improve startup time and JSP compilation time.
10-May-2018 11:16:23.777 INFO [localhost-startStop-1] org.apache.catalina.startup.HostConfig.deployWAR Deployment of web application archive [C:\Disk\Web development\eclipse\EEworkspace\WebProject\tomcat temp\apache-tomcat-8.5.29\webapps\WebProject.war] has finished in [752] ms
10-May-2018 11:16:23.777 INFO [localhost-startStop-1] org.apache.catalina.startup.HostConfig.deployDirectory Deploying web application directory [C:\Disk\Web development\eclipse\EEworkspace\WebProject\tomcat temp\apache-tomcat-8.5.29\webapps\docs]
10-May-2018 11:16:23.943 FINE [localhost-startStop-1] org.apache.catalina.authenticator.AuthenticatorBase.startInternal No SingleSignOn Valve is present
10-May-2018 11:16:23.943 INFO [localhost-startStop-1] org.apache.jasper.servlet.TldScanner.scanJars At least one JAR was scanned for TLDs yet contained no TLDs. Enable debug logging for this logger for a complete list of JARs that were scanned but no TLDs were found in them. Skipping unneeded JARs during scanning can improve startup time and JSP compilation time.
10-May-2018 11:16:23.943 INFO [localhost-startStop-1] org.apache.catalina.startup.HostConfig.deployDirectory Deployment of web application directory [C:\Disk\Web development\eclipse\EEworkspace\WebProject\tomcat temp\apache-tomcat-8.5.29\webapps\docs] has finished in [166] ms
10-May-2018 11:16:23.959 INFO [localhost-startStop-1] org.apache.catalina.startup.HostConfig.deployDirectory Deploying web application directory [C:\Disk\Web development\eclipse\EEworkspace\WebProject\tomcat temp\apache-tomcat-8.5.29\webapps\examples]
10-May-2018 11:16:24.245 FINE [localhost-startStop-1] org.apache.catalina.authenticator.AuthenticatorBase.startInternal No SingleSignOn Valve is present
10-May-2018 11:16:24.323 INFO [localhost-startStop-1] org.apache.jasper.servlet.TldScanner.scanJars At least one JAR was scanned for TLDs yet contained no TLDs. Enable debug logging for this logger for a complete list of JARs that were scanned but no TLDs were found in them. Skipping unneeded JARs during scanning can improve startup time and JSP compilation time.
10-May-2018 11:16:24.401 INFO [localhost-startStop-1] org.apache.catalina.startup.HostConfig.deployDirectory Deployment of web application directory [C:\Disk\Web development\eclipse\EEworkspace\WebProject\tomcat temp\apache-tomcat-8.5.29\webapps\examples] has finished in [442] ms
10-May-2018 11:16:24.401 INFO [localhost-startStop-1] org.apache.catalina.startup.HostConfig.deployDirectory Deploying web application directory [C:\Disk\Web development\eclipse\EEworkspace\WebProject\tomcat temp\apache-tomcat-8.5.29\webapps\host-manager]
10-May-2018 11:16:24.542 FINE [localhost-startStop-1] org.apache.catalina.authenticator.AuthenticatorBase.startInternal No SingleSignOn Valve is present
10-May-2018 11:16:24.542 INFO [localhost-startStop-1] org.apache.jasper.servlet.TldScanner.scanJars At least one JAR was scanned for TLDs yet contained no TLDs. Enable debug logging for this logger for a complete list of JARs that were scanned but no TLDs were found in them. Skipping unneeded JARs during scanning can improve startup time and JSP compilation time.
10-May-2018 11:16:24.558 INFO [localhost-startStop-1] org.apache.catalina.startup.HostConfig.deployDirectory Deployment of web application directory [C:\Disk\Web development\eclipse\EEworkspace\WebProject\tomcat temp\apache-tomcat-8.5.29\webapps\host-manager] has finished in [157] ms
10-May-2018 11:16:24.558 INFO [localhost-startStop-1] org.apache.catalina.startup.HostConfig.deployDirectory Deploying web application directory [C:\Disk\Web development\eclipse\EEworkspace\WebProject\tomcat temp\apache-tomcat-8.5.29\webapps\manager]
10-May-2018 11:16:24.714 FINE [localhost-startStop-1] org.apache.catalina.authenticator.AuthenticatorBase.startInternal No SingleSignOn Valve is present
10-May-2018 11:16:24.730 INFO [localhost-startStop-1] org.apache.jasper.servlet.TldScanner.scanJars At least one JAR was scanned for TLDs yet contained no TLDs. Enable debug logging for this logger for a complete list of JARs that were scanned but no TLDs were found in them. Skipping unneeded JARs during scanning can improve startup time and JSP compilation time.
10-May-2018 11:16:24.730 INFO [localhost-startStop-1] org.apache.catalina.startup.HostConfig.deployDirectory Deployment of web application directory [C:\Disk\Web development\eclipse\EEworkspace\WebProject\tomcat temp\apache-tomcat-8.5.29\webapps\manager] has finished in [172] ms
10-May-2018 11:16:24.730 INFO [main] org.apache.coyote.AbstractProtocol.start Starting ProtocolHandler ["http-nio-8080"]
10-May-2018 11:16:24.745 INFO [main] org.apache.coyote.AbstractProtocol.start Starting ProtocolHandler ["ajp-nio-8009"]
10-May-2018 11:16:24.745 INFO [main] org.apache.catalina.startup.Catalina.start Server startup in 3049 ms
10-May-2018 11:16:35.243 INFO [ContainerBackgroundProcessor[StandardEngine[Catalina]]] org.apache.catalina.startup.HostConfig.undeploy Undeploying context [/WebProject]
10-May-2018 11:16:35.259 WARNING [ContainerBackgroundProcessor[StandardEngine[Catalina]]] org.apache.catalina.loader.WebappClassLoaderBase.clearReferencesThreads The web application [WebProject] appears to have started a thread named [Abandoned connection cleanup thread] but has failed to stop it. This is very likely to create a memory leak. Stack trace of thread:
 java.io.WinNTFileSystem.getBooleanAttributes(Native Method)
 java.io.File.exists(File.java:819)
 sun.misc.URLClassPath$FileLoader.getResource(URLClassPath.java:1282)
 sun.misc.URLClassPath.getResource(URLClassPath.java:239)
 java.net.URLClassLoader$1.run(URLClassLoader.java:365)
 java.net.URLClassLoader$1.run(URLClassLoader.java:362)
 java.security.AccessController.doPrivileged(Native Method)
 java.net.URLClassLoader.findClass(URLClassLoader.java:361)
 java.lang.ClassLoader.loadClass(ClassLoader.java:424)
 java.lang.ClassLoader.loadClass(ClassLoader.java:357)
 org.apache.catalina.webresources.StandardRoot.isPackedWarFile(StandardRoot.java:656)
 org.apache.catalina.webresources.CachedResource.validateResource(CachedResource.java:96)
 org.apache.catalina.webresources.Cache.getResource(Cache.java:69)
 org.apache.catalina.webresources.StandardRoot.getResource(StandardRoot.java:216)
 org.apache.catalina.webresources.StandardRoot.getClassLoaderResource(StandardRoot.java:225)
 org.apache.catalina.loader.WebappClassLoaderBase.findResource(WebappClassLoaderBase.java:884)
 org.apache.catalina.loader.WebappClassLoaderBase.getResource(WebappClassLoaderBase.java:1005)
 com.mysql.jdbc.AbandonedConnectionCleanupThread.checkContextClassLoaders(AbandonedConnectionCleanupThread.java:90)
 com.mysql.jdbc.AbandonedConnectionCleanupThread.run(AbandonedConnectionCleanupThread.java:63)
 java.util.concurrent.ThreadPoolExecutor.runWorker(ThreadPoolExecutor.java:1149)
 java.util.concurrent.ThreadPoolExecutor$Worker.run(ThreadPoolExecutor.java:624)
 java.lang.Thread.run(Thread.java:748)
10-May-2018 11:16:35.321 INFO [localhost-startStop-2] org.apache.catalina.startup.HostConfig.deployWAR Deploying web application archive [C:\Disk\Web development\eclipse\EEworkspace\WebProject\tomcat temp\apache-tomcat-8.5.29\webapps\WebProject-v1.war]
10-May-2018 11:16:36.678 FINE [localhost-startStop-2] org.apache.catalina.authenticator.AuthenticatorBase.startInternal No SingleSignOn Valve is present
10-May-2018 11:16:36.694 INFO [localhost-startStop-2] org.apache.jasper.servlet.TldScanner.scanJars At least one JAR was scanned for TLDs yet contained no TLDs. Enable debug logging for this logger for a complete list of JARs that were scanned but no TLDs were found in them. Skipping unneeded JARs during scanning can improve startup time and JSP compilation time.
10-May-2018 11:16:36.694 INFO [localhost-startStop-2] org.apache.catalina.startup.HostConfig.deployWAR Deployment of web application archive [C:\Disk\Web development\eclipse\EEworkspace\WebProject\tomcat temp\apache-tomcat-8.5.29\webapps\WebProject-v1.war] has finished in [1,373] ms
10-May-2018 11:16:40.274 INFO [Abandoned connection cleanup thread] org.apache.catalina.loader.WebappClassLoaderBase.checkStateForResourceLoading Illegal access: this web application instance has been stopped already. Could not load []. The following stack trace is thrown for debugging purposes as well as to attempt to terminate the thread which caused the illegal access.
 java.lang.IllegalStateException: Illegal access: this web application instance has been stopped already. Could not load []. The following stack trace is thrown for debugging purposes as well as to attempt to terminate the thread which caused the illegal access.
	at org.apache.catalina.loader.WebappClassLoaderBase.checkStateForResourceLoading(WebappClassLoaderBase.java:1311)
	at org.apache.catalina.loader.WebappClassLoaderBase.getResource(WebappClassLoaderBase.java:986)
	at com.mysql.jdbc.AbandonedConnectionCleanupThread.checkContextClassLoaders(AbandonedConnectionCleanupThread.java:90)
	at com.mysql.jdbc.AbandonedConnectionCleanupThread.run(AbandonedConnectionCleanupThread.java:63)
	at java.util.concurrent.ThreadPoolExecutor.runWorker(ThreadPoolExecutor.java:1149)
	at java.util.concurrent.ThreadPoolExecutor$Worker.run(ThreadPoolExecutor.java:624)
	at java.lang.Thread.run(Thread.java:748)

10-May-2018 11:16:47.227 INFO [ContainerBackgroundProcessor[StandardEngine[Catalina]]] org.apache.catalina.startup.HostConfig.undeploy Undeploying context [/WebProject-v1]
10-May-2018 11:16:47.243 WARNING [ContainerBackgroundProcessor[StandardEngine[Catalina]]] org.apache.catalina.loader.WebappClassLoaderBase.clearReferencesThreads The web application [WebProject-v1] appears to have started a thread named [Abandoned connection cleanup thread] but has failed to stop it. This is very likely to create a memory leak. Stack trace of thread:
 java.lang.ClassLoader.findLoadedClass0(Native Method)
 java.lang.ClassLoader.findLoadedClass(ClassLoader.java:1038)
 org.apache.catalina.loader.WebappClassLoaderBase.loadClass(WebappClassLoaderBase.java:1171)
 org.apache.catalina.loader.WebappClassLoaderBase.loadClass(WebappClassLoaderBase.java:1119)
 com.mysql.jdbc.AbandonedConnectionCleanupThread.checkContextClassLoaders(AbandonedConnectionCleanupThread.java:90)
 com.mysql.jdbc.AbandonedConnectionCleanupThread.run(AbandonedConnectionCleanupThread.java:63)
 java.util.concurrent.ThreadPoolExecutor.runWorker(ThreadPoolExecutor.java:1149)
 java.util.concurrent.ThreadPoolExecutor$Worker.run(ThreadPoolExecutor.java:624)
 java.lang.Thread.run(Thread.java:748)
10-May-2018 11:16:47.290 INFO [localhost-startStop-3] org.apache.catalina.startup.HostConfig.deployWAR Deploying web application archive [C:\Disk\Web development\eclipse\EEworkspace\WebProject\tomcat temp\apache-tomcat-8.5.29\webapps\WebProject.war]
10-May-2018 11:16:48.719 FINE [localhost-startStop-3] org.apache.catalina.authenticator.AuthenticatorBase.startInternal No SingleSignOn Valve is present
10-May-2018 11:16:48.735 INFO [localhost-startStop-3] org.apache.jasper.servlet.TldScanner.scanJars At least one JAR was scanned for TLDs yet contained no TLDs. Enable debug logging for this logger for a complete list of JARs that were scanned but no TLDs were found in them. Skipping unneeded JARs during scanning can improve startup time and JSP compilation time.
10-May-2018 11:16:48.735 INFO [localhost-startStop-3] org.apache.catalina.startup.HostConfig.deployWAR Deployment of web application archive [C:\Disk\Web development\eclipse\EEworkspace\WebProject\tomcat temp\apache-tomcat-8.5.29\webapps\WebProject.war] has finished in [1,445] ms
10-May-2018 11:16:52.257 INFO [Abandoned connection cleanup thread] org.apache.catalina.loader.WebappClassLoaderBase.checkStateForResourceLoading Illegal access: this web application instance has been stopped already. Could not load []. The following stack trace is thrown for debugging purposes as well as to attempt to terminate the thread which caused the illegal access.
 java.lang.IllegalStateException: Illegal access: this web application instance has been stopped already. Could not load []. The following stack trace is thrown for debugging purposes as well as to attempt to terminate the thread which caused the illegal access.
	at org.apache.catalina.loader.WebappClassLoaderBase.checkStateForResourceLoading(WebappClassLoaderBase.java:1311)
	at org.apache.catalina.loader.WebappClassLoaderBase.getResource(WebappClassLoaderBase.java:986)
	at com.mysql.jdbc.AbandonedConnectionCleanupThread.checkContextClassLoaders(AbandonedConnectionCleanupThread.java:90)
	at com.mysql.jdbc.AbandonedConnectionCleanupThread.run(AbandonedConnectionCleanupThread.java:63)
	at java.util.concurrent.ThreadPoolExecutor.runWorker(ThreadPoolExecutor.java:1149)
	at java.util.concurrent.ThreadPoolExecutor$Worker.run(ThreadPoolExecutor.java:624)
	at java.lang.Thread.run(Thread.java:748)

10-May-2018 11:17:27.592 FINE [http-nio-8080-exec-4] org.apache.catalina.authenticator.AuthenticatorBase.invoke Security checking request GET /WebProject/GitAuth
10-May-2018 11:17:27.592 FINE [http-nio-8080-exec-4] org.apache.catalina.realm.RealmBase.findSecurityConstraints   Checking constraint 'SecurityConstraint[User Protected]' against GET /GitAuth --> false
10-May-2018 11:17:27.593 FINE [http-nio-8080-exec-4] org.apache.catalina.realm.RealmBase.findSecurityConstraints   Checking constraint 'SecurityConstraint[Admin Protected]' against GET /GitAuth --> false
10-May-2018 11:17:27.594 FINE [http-nio-8080-exec-4] org.apache.catalina.realm.RealmBase.findSecurityConstraints   Checking constraint 'SecurityConstraint[User Protected]' against GET /GitAuth --> false
10-May-2018 11:17:27.594 FINE [http-nio-8080-exec-4] org.apache.catalina.realm.RealmBase.findSecurityConstraints   Checking constraint 'SecurityConstraint[Admin Protected]' against GET /GitAuth --> false
10-May-2018 11:17:27.594 FINE [http-nio-8080-exec-4] org.apache.catalina.realm.RealmBase.findSecurityConstraints   Checking constraint 'SecurityConstraint[User Protected]' against GET /GitAuth --> false
10-May-2018 11:17:27.594 FINE [http-nio-8080-exec-4] org.apache.catalina.realm.RealmBase.findSecurityConstraints   Checking constraint 'SecurityConstraint[Admin Protected]' against GET /GitAuth --> false
10-May-2018 11:17:27.595 FINE [http-nio-8080-exec-4] org.apache.catalina.realm.RealmBase.findSecurityConstraints   Checking constraint 'SecurityConstraint[User Protected]' against GET /GitAuth --> false
10-May-2018 11:17:27.595 FINE [http-nio-8080-exec-4] org.apache.catalina.realm.RealmBase.findSecurityConstraints   Checking constraint 'SecurityConstraint[Admin Protected]' against GET /GitAuth --> false
10-May-2018 11:17:27.595 FINE [http-nio-8080-exec-4] org.apache.catalina.realm.RealmBase.findSecurityConstraints   No applicable constraint located
10-May-2018 11:17:27.600 FINE [http-nio-8080-exec-4] org.apache.catalina.authenticator.jaspic.AuthConfigFactoryImpl.loadPersistentRegistrations Loading persistent provider registrations from [C:\Disk\Web development\eclipse\EEworkspace\WebProject\tomcat temp\apache-tomcat-8.5.29\conf\jaspic-providers.xml]
10-May-2018 11:17:27.608 FINE [http-nio-8080-exec-4] org.apache.catalina.authenticator.AuthenticatorBase.invoke  Not subject to any constraint
10-May-2018 11:19:02.270 FINE [http-nio-8080-exec-11] org.apache.catalina.authenticator.AuthenticatorBase.invoke Security checking request GET /WebProject/GitAuth
10-May-2018 11:19:02.271 FINE [http-nio-8080-exec-11] org.apache.catalina.realm.RealmBase.findSecurityConstraints   Checking constraint 'SecurityConstraint[User Protected]' against GET /GitAuth --> false
10-May-2018 11:19:02.271 FINE [http-nio-8080-exec-11] org.apache.catalina.realm.RealmBase.findSecurityConstraints   Checking constraint 'SecurityConstraint[Admin Protected]' against GET /GitAuth --> false
10-May-2018 11:19:02.271 FINE [http-nio-8080-exec-11] org.apache.catalina.realm.RealmBase.findSecurityConstraints   Checking constraint 'SecurityConstraint[User Protected]' against GET /GitAuth --> false
10-May-2018 11:19:02.272 FINE [http-nio-8080-exec-11] org.apache.catalina.realm.RealmBase.findSecurityConstraints   Checking constraint 'SecurityConstraint[Admin Protected]' against GET /GitAuth --> false
10-May-2018 11:19:02.272 FINE [http-nio-8080-exec-11] org.apache.catalina.realm.RealmBase.findSecurityConstraints   Checking constraint 'SecurityConstraint[User Protected]' against GET /GitAuth --> false
10-May-2018 11:19:02.272 FINE [http-nio-8080-exec-11] org.apache.catalina.realm.RealmBase.findSecurityConstraints   Checking constraint 'SecurityConstraint[Admin Protected]' against GET /GitAuth --> false
10-May-2018 11:19:02.272 FINE [http-nio-8080-exec-11] org.apache.catalina.realm.RealmBase.findSecurityConstraints   Checking constraint 'SecurityConstraint[User Protected]' against GET /GitAuth --> false
10-May-2018 11:19:02.272 FINE [http-nio-8080-exec-11] org.apache.catalina.realm.RealmBase.findSecurityConstraints   Checking constraint 'SecurityConstraint[Admin Protected]' against GET /GitAuth --> false
10-May-2018 11:19:02.272 FINE [http-nio-8080-exec-11] org.apache.catalina.realm.RealmBase.findSecurityConstraints   No applicable constraint located
10-May-2018 11:19:02.272 FINE [http-nio-8080-exec-11] org.apache.catalina.authenticator.AuthenticatorBase.invoke  Not subject to any constraint
10-May-2018 11:19:22.829 FINE [http-nio-8080-exec-12] org.apache.catalina.authenticator.AuthenticatorBase.invoke Security checking request GET /WebProject/getting_started.html
10-May-2018 11:19:22.830 FINE [http-nio-8080-exec-12] org.apache.catalina.realm.RealmBase.findSecurityConstraints   Checking constraint 'SecurityConstraint[User Protected]' against GET /getting_started.html --> false
10-May-2018 11:19:22.831 FINE [http-nio-8080-exec-12] org.apache.catalina.realm.RealmBase.findSecurityConstraints   Checking constraint 'SecurityConstraint[Admin Protected]' against GET /getting_started.html --> false
10-May-2018 11:19:22.831 FINE [http-nio-8080-exec-12] org.apache.catalina.realm.RealmBase.findSecurityConstraints   Checking constraint 'SecurityConstraint[User Protected]' against GET /getting_started.html --> false
10-May-2018 11:19:22.831 FINE [http-nio-8080-exec-12] org.apache.catalina.realm.RealmBase.findSecurityConstraints   Checking constraint 'SecurityConstraint[Admin Protected]' against GET /getting_started.html --> false
10-May-2018 11:19:22.832 FINE [http-nio-8080-exec-12] org.apache.catalina.realm.RealmBase.findSecurityConstraints   Checking constraint 'SecurityConstraint[User Protected]' against GET /getting_started.html --> false
10-May-2018 11:19:22.832 FINE [http-nio-8080-exec-12] org.apache.catalina.realm.RealmBase.findSecurityConstraints   Checking constraint 'SecurityConstraint[Admin Protected]' against GET /getting_started.html --> false
10-May-2018 11:19:22.832 FINE [http-nio-8080-exec-12] org.apache.catalina.realm.RealmBase.findSecurityConstraints   Checking constraint 'SecurityConstraint[User Protected]' against GET /getting_started.html --> false
10-May-2018 11:19:22.832 FINE [http-nio-8080-exec-12] org.apache.catalina.realm.RealmBase.findSecurityConstraints   Checking constraint 'SecurityConstraint[Admin Protected]' against GET /getting_started.html --> false
10-May-2018 11:19:22.832 FINE [http-nio-8080-exec-12] org.apache.catalina.realm.RealmBase.findSecurityConstraints   No applicable constraint located
10-May-2018 11:19:22.832 FINE [http-nio-8080-exec-12] org.apache.catalina.authenticator.AuthenticatorBase.invoke  Not subject to any constraint
10-May-2018 11:19:27.717 FINE [http-nio-8080-exec-13] org.apache.catalina.authenticator.AuthenticatorBase.invoke Security checking request GET /WebProject/user/advanced.html
10-May-2018 11:19:27.718 FINE [http-nio-8080-exec-13] org.apache.catalina.realm.RealmBase.findSecurityConstraints   Checking constraint 'SecurityConstraint[User Protected]' against GET /user/advanced.html --> true
10-May-2018 11:19:27.719 FINE [http-nio-8080-exec-13] org.apache.catalina.realm.RealmBase.findSecurityConstraints   Checking constraint 'SecurityConstraint[Admin Protected]' against GET /user/advanced.html --> false
10-May-2018 11:19:27.720 FINE [http-nio-8080-exec-13] org.apache.catalina.realm.RealmBase.findSecurityConstraints   Checking constraint 'SecurityConstraint[User Protected]' against GET /user/advanced.html --> true
10-May-2018 11:19:27.720 FINE [http-nio-8080-exec-13] org.apache.catalina.realm.RealmBase.findSecurityConstraints   Checking constraint 'SecurityConstraint[Admin Protected]' against GET /user/advanced.html --> false
10-May-2018 11:19:27.720 FINE [http-nio-8080-exec-13] org.apache.catalina.authenticator.AuthenticatorBase.invoke  Calling hasUserDataPermission()
10-May-2018 11:19:27.721 FINE [http-nio-8080-exec-13] org.apache.catalina.realm.RealmBase.hasUserDataPermission   User data constraint has no restrictions
10-May-2018 11:19:27.721 FINE [http-nio-8080-exec-13] org.apache.catalina.authenticator.AuthenticatorBase.invoke  Calling authenticate()
10-May-2018 11:19:27.727 FINE [http-nio-8080-exec-13] org.apache.catalina.authenticator.FormAuthenticator.doAuthenticate Save request in session 'ED9ABB5E61A97262465A7D65F3884DB0'
10-May-2018 11:19:27.728 FINE [http-nio-8080-exec-13] org.apache.catalina.authenticator.FormAuthenticator.forwardToLoginPage Forwarding request for [/WebProject/user/advanced.html] made with method [GET] to login page [/login.html] of context [/WebProject] using request method GET
10-May-2018 11:19:27.734 FINE [http-nio-8080-exec-13] org.apache.catalina.authenticator.AuthenticatorBase.invoke  Failed authenticate() test
10-May-2018 11:19:57.427 FINE [http-nio-8080-exec-15] org.apache.catalina.authenticator.AuthenticatorBase.invoke Security checking request GET /WebProject/user/advanced.html
10-May-2018 11:19:57.430 FINE [http-nio-8080-exec-15] org.apache.catalina.realm.RealmBase.findSecurityConstraints   Checking constraint 'SecurityConstraint[User Protected]' against GET /user/advanced.html --> true
10-May-2018 11:19:57.430 FINE [http-nio-8080-exec-15] org.apache.catalina.realm.RealmBase.findSecurityConstraints   Checking constraint 'SecurityConstraint[Admin Protected]' against GET /user/advanced.html --> false
10-May-2018 11:19:57.430 FINE [http-nio-8080-exec-15] org.apache.catalina.realm.RealmBase.findSecurityConstraints   Checking constraint 'SecurityConstraint[User Protected]' against GET /user/advanced.html --> true
10-May-2018 11:19:57.431 FINE [http-nio-8080-exec-15] org.apache.catalina.realm.RealmBase.findSecurityConstraints   Checking constraint 'SecurityConstraint[Admin Protected]' against GET /user/advanced.html --> false
10-May-2018 11:19:57.431 FINE [http-nio-8080-exec-15] org.apache.catalina.authenticator.AuthenticatorBase.invoke  Calling hasUserDataPermission()
10-May-2018 11:19:57.431 FINE [http-nio-8080-exec-15] org.apache.catalina.realm.RealmBase.hasUserDataPermission   User data constraint has no restrictions
10-May-2018 11:19:57.432 FINE [http-nio-8080-exec-15] org.apache.catalina.authenticator.AuthenticatorBase.invoke  Calling authenticate()
10-May-2018 11:19:57.432 FINE [http-nio-8080-exec-15] org.apache.catalina.authenticator.FormAuthenticator.doAuthenticate Save request in session '2C657B7BB7577D8DE9910AC1CA8445FA'
10-May-2018 11:19:57.433 FINE [http-nio-8080-exec-15] org.apache.catalina.authenticator.FormAuthenticator.forwardToLoginPage Forwarding request for [/WebProject/user/advanced.html] made with method [GET] to login page [/login.html] of context [/WebProject] using request method GET
10-May-2018 11:19:57.436 FINE [http-nio-8080-exec-15] org.apache.catalina.authenticator.AuthenticatorBase.invoke  Failed authenticate() test
10-May-2018 11:20:05.872 FINE [http-nio-8080-exec-11] org.apache.catalina.authenticator.AuthenticatorBase.invoke Security checking request GET /WebProject/register.html
10-May-2018 11:20:05.872 FINE [http-nio-8080-exec-11] org.apache.catalina.realm.RealmBase.findSecurityConstraints   Checking constraint 'SecurityConstraint[User Protected]' against GET /register.html --> false
10-May-2018 11:20:05.873 FINE [http-nio-8080-exec-11] org.apache.catalina.realm.RealmBase.findSecurityConstraints   Checking constraint 'SecurityConstraint[Admin Protected]' against GET /register.html --> false
10-May-2018 11:20:05.873 FINE [http-nio-8080-exec-11] org.apache.catalina.realm.RealmBase.findSecurityConstraints   Checking constraint 'SecurityConstraint[User Protected]' against GET /register.html --> false
10-May-2018 11:20:05.874 FINE [http-nio-8080-exec-11] org.apache.catalina.realm.RealmBase.findSecurityConstraints   Checking constraint 'SecurityConstraint[Admin Protected]' against GET /register.html --> false
10-May-2018 11:20:05.874 FINE [http-nio-8080-exec-11] org.apache.catalina.realm.RealmBase.findSecurityConstraints   Checking constraint 'SecurityConstraint[User Protected]' against GET /register.html --> false
10-May-2018 11:20:05.874 FINE [http-nio-8080-exec-11] org.apache.catalina.realm.RealmBase.findSecurityConstraints   Checking constraint 'SecurityConstraint[Admin Protected]' against GET /register.html --> false
10-May-2018 11:20:05.874 FINE [http-nio-8080-exec-11] org.apache.catalina.realm.RealmBase.findSecurityConstraints   Checking constraint 'SecurityConstraint[User Protected]' against GET /register.html --> false
10-May-2018 11:20:05.874 FINE [http-nio-8080-exec-11] org.apache.catalina.realm.RealmBase.findSecurityConstraints   Checking constraint 'SecurityConstraint[Admin Protected]' against GET /register.html --> false
10-May-2018 11:20:05.874 FINE [http-nio-8080-exec-11] org.apache.catalina.realm.RealmBase.findSecurityConstraints   No applicable constraint located
10-May-2018 11:20:05.875 FINE [http-nio-8080-exec-11] org.apache.catalina.authenticator.AuthenticatorBase.invoke  Not subject to any constraint
10-May-2018 11:28:15.288 FINE [http-nio-8080-exec-13] org.apache.catalina.authenticator.AuthenticatorBase.invoke Security checking request GET /WebProject/index.html
10-May-2018 11:28:15.289 FINE [http-nio-8080-exec-13] org.apache.catalina.realm.RealmBase.findSecurityConstraints   Checking constraint 'SecurityConstraint[User Protected]' against GET /index.html --> false
10-May-2018 11:28:15.289 FINE [http-nio-8080-exec-13] org.apache.catalina.realm.RealmBase.findSecurityConstraints   Checking constraint 'SecurityConstraint[Admin Protected]' against GET /index.html --> false
10-May-2018 11:28:15.289 FINE [http-nio-8080-exec-13] org.apache.catalina.realm.RealmBase.findSecurityConstraints   Checking constraint 'SecurityConstraint[User Protected]' against GET /index.html --> false
10-May-2018 11:28:15.290 FINE [http-nio-8080-exec-13] org.apache.catalina.realm.RealmBase.findSecurityConstraints   Checking constraint 'SecurityConstraint[Admin Protected]' against GET /index.html --> false
10-May-2018 11:28:15.291 FINE [http-nio-8080-exec-13] org.apache.catalina.realm.RealmBase.findSecurityConstraints   Checking constraint 'SecurityConstraint[User Protected]' against GET /index.html --> false
10-May-2018 11:28:15.291 FINE [http-nio-8080-exec-13] org.apache.catalina.realm.RealmBase.findSecurityConstraints   Checking constraint 'SecurityConstraint[Admin Protected]' against GET /index.html --> false
10-May-2018 11:28:15.291 FINE [http-nio-8080-exec-13] org.apache.catalina.realm.RealmBase.findSecurityConstraints   Checking constraint 'SecurityConstraint[User Protected]' against GET /index.html --> false
10-May-2018 11:28:15.291 FINE [http-nio-8080-exec-13] org.apache.catalina.realm.RealmBase.findSecurityConstraints   Checking constraint 'SecurityConstraint[Admin Protected]' against GET /index.html --> false
10-May-2018 11:28:15.292 FINE [http-nio-8080-exec-13] org.apache.catalina.realm.RealmBase.findSecurityConstraints   No applicable constraint located
10-May-2018 11:28:15.292 FINE [http-nio-8080-exec-13] org.apache.catalina.authenticator.AuthenticatorBase.invoke  Not subject to any constraint
10-May-2018 11:31:15.835 FINE [http-nio-8080-exec-14] org.apache.catalina.authenticator.AuthenticatorBase.invoke Security checking request GET /WebProject/GitAuth
10-May-2018 11:31:15.837 FINE [http-nio-8080-exec-14] org.apache.catalina.realm.RealmBase.findSecurityConstraints   Checking constraint 'SecurityConstraint[User Protected]' against GET /GitAuth --> false
10-May-2018 11:31:15.837 FINE [http-nio-8080-exec-14] org.apache.catalina.realm.RealmBase.findSecurityConstraints   Checking constraint 'SecurityConstraint[Admin Protected]' against GET /GitAuth --> false
10-May-2018 11:31:15.837 FINE [http-nio-8080-exec-14] org.apache.catalina.realm.RealmBase.findSecurityConstraints   Checking constraint 'SecurityConstraint[User Protected]' against GET /GitAuth --> false
10-May-2018 11:31:15.837 FINE [http-nio-8080-exec-14] org.apache.catalina.realm.RealmBase.findSecurityConstraints   Checking constraint 'SecurityConstraint[Admin Protected]' against GET /GitAuth --> false
10-May-2018 11:31:15.838 FINE [http-nio-8080-exec-14] org.apache.catalina.realm.RealmBase.findSecurityConstraints   Checking constraint 'SecurityConstraint[User Protected]' against GET /GitAuth --> false
10-May-2018 11:31:15.838 FINE [http-nio-8080-exec-14] org.apache.catalina.realm.RealmBase.findSecurityConstraints   Checking constraint 'SecurityConstraint[Admin Protected]' against GET /GitAuth --> false
10-May-2018 11:31:15.838 FINE [http-nio-8080-exec-14] org.apache.catalina.realm.RealmBase.findSecurityConstraints   Checking constraint 'SecurityConstraint[User Protected]' against GET /GitAuth --> false
10-May-2018 11:31:15.838 FINE [http-nio-8080-exec-14] org.apache.catalina.realm.RealmBase.findSecurityConstraints   Checking constraint 'SecurityConstraint[Admin Protected]' against GET /GitAuth --> false
10-May-2018 11:31:15.838 FINE [http-nio-8080-exec-14] org.apache.catalina.realm.RealmBase.findSecurityConstraints   No applicable constraint located
10-May-2018 11:31:15.839 FINE [http-nio-8080-exec-14] org.apache.catalina.authenticator.AuthenticatorBase.invoke  Not subject to any constraint
10-May-2018 11:35:32.141 FINE [http-nio-8080-exec-11] org.apache.catalina.authenticator.AuthenticatorBase.invoke Security checking request GET /favicon.ico
10-May-2018 11:35:32.141 FINE [http-nio-8080-exec-11] org.apache.catalina.realm.RealmBase.findSecurityConstraints   Checking constraint 'SecurityConstraint[Admin Protected]' against GET /favicon.ico --> false
10-May-2018 11:35:32.141 FINE [http-nio-8080-exec-11] org.apache.catalina.realm.RealmBase.findSecurityConstraints   Checking constraint 'SecurityConstraint[User Protected]' against GET /favicon.ico --> false
10-May-2018 11:35:32.142 FINE [http-nio-8080-exec-11] org.apache.catalina.realm.RealmBase.findSecurityConstraints   Checking constraint 'SecurityConstraint[Admin Protected]' against GET /favicon.ico --> false
10-May-2018 11:35:32.142 FINE [http-nio-8080-exec-11] org.apache.catalina.realm.RealmBase.findSecurityConstraints   Checking constraint 'SecurityConstraint[User Protected]' against GET /favicon.ico --> false
10-May-2018 11:35:32.142 FINE [http-nio-8080-exec-11] org.apache.catalina.realm.RealmBase.findSecurityConstraints   Checking constraint 'SecurityConstraint[Admin Protected]' against GET /favicon.ico --> false
10-May-2018 11:35:32.142 FINE [http-nio-8080-exec-11] org.apache.catalina.realm.RealmBase.findSecurityConstraints   Checking constraint 'SecurityConstraint[User Protected]' against GET /favicon.ico --> false
10-May-2018 11:35:32.142 FINE [http-nio-8080-exec-11] org.apache.catalina.realm.RealmBase.findSecurityConstraints   Checking constraint 'SecurityConstraint[Admin Protected]' against GET /favicon.ico --> false
10-May-2018 11:35:32.143 FINE [http-nio-8080-exec-11] org.apache.catalina.realm.RealmBase.findSecurityConstraints   Checking constraint 'SecurityConstraint[User Protected]' against GET /favicon.ico --> false
10-May-2018 11:35:32.143 FINE [http-nio-8080-exec-11] org.apache.catalina.realm.RealmBase.findSecurityConstraints   No applicable constraint located
10-May-2018 11:35:32.144 FINE [http-nio-8080-exec-11] org.apache.catalina.authenticator.AuthenticatorBase.invoke  Not subject to any constraint
10-May-2018 11:36:52.698 FINE [http-nio-8080-exec-18] org.apache.catalina.authenticator.AuthenticatorBase.invoke Security checking request GET /WebProject/GitAuth
10-May-2018 11:36:52.699 FINE [http-nio-8080-exec-18] org.apache.catalina.realm.RealmBase.findSecurityConstraints   Checking constraint 'SecurityConstraint[User Protected]' against GET /GitAuth --> false
10-May-2018 11:36:52.699 FINE [http-nio-8080-exec-18] org.apache.catalina.realm.RealmBase.findSecurityConstraints   Checking constraint 'SecurityConstraint[Admin Protected]' against GET /GitAuth --> false
10-May-2018 11:36:52.700 FINE [http-nio-8080-exec-18] org.apache.catalina.realm.RealmBase.findSecurityConstraints   Checking constraint 'SecurityConstraint[User Protected]' against GET /GitAuth --> false
10-May-2018 11:36:52.700 FINE [http-nio-8080-exec-18] org.apache.catalina.realm.RealmBase.findSecurityConstraints   Checking constraint 'SecurityConstraint[Admin Protected]' against GET /GitAuth --> false
10-May-2018 11:36:52.700 FINE [http-nio-8080-exec-18] org.apache.catalina.realm.RealmBase.findSecurityConstraints   Checking constraint 'SecurityConstraint[User Protected]' against GET /GitAuth --> false
10-May-2018 11:36:52.701 FINE [http-nio-8080-exec-18] org.apache.catalina.realm.RealmBase.findSecurityConstraints   Checking constraint 'SecurityConstraint[Admin Protected]' against GET /GitAuth --> false
10-May-2018 11:36:52.701 FINE [http-nio-8080-exec-18] org.apache.catalina.realm.RealmBase.findSecurityConstraints   Checking constraint 'SecurityConstraint[User Protected]' against GET /GitAuth --> false
10-May-2018 11:36:52.701 FINE [http-nio-8080-exec-18] org.apache.catalina.realm.RealmBase.findSecurityConstraints   Checking constraint 'SecurityConstraint[Admin Protected]' against GET /GitAuth --> false
10-May-2018 11:36:52.701 FINE [http-nio-8080-exec-18] org.apache.catalina.realm.RealmBase.findSecurityConstraints   No applicable constraint located
10-May-2018 11:36:52.701 FINE [http-nio-8080-exec-18] org.apache.catalina.authenticator.AuthenticatorBase.invoke  Not subject to any constraint
10-May-2018 11:38:20.412 FINE [http-nio-8080-exec-11] org.apache.catalina.authenticator.AuthenticatorBase.invoke Security checking request GET /attack.html
10-May-2018 11:38:20.414 FINE [http-nio-8080-exec-11] org.apache.catalina.realm.RealmBase.findSecurityConstraints   Checking constraint 'SecurityConstraint[Admin Protected]' against GET /attack.html --> false
10-May-2018 11:38:20.415 FINE [http-nio-8080-exec-11] org.apache.catalina.realm.RealmBase.findSecurityConstraints   Checking constraint 'SecurityConstraint[User Protected]' against GET /attack.html --> false
10-May-2018 11:38:20.416 FINE [http-nio-8080-exec-11] org.apache.catalina.realm.RealmBase.findSecurityConstraints   Checking constraint 'SecurityConstraint[Admin Protected]' against GET /attack.html --> false
10-May-2018 11:38:20.416 FINE [http-nio-8080-exec-11] org.apache.catalina.realm.RealmBase.findSecurityConstraints   Checking constraint 'SecurityConstraint[User Protected]' against GET /attack.html --> false
10-May-2018 11:38:20.417 FINE [http-nio-8080-exec-11] org.apache.catalina.realm.RealmBase.findSecurityConstraints   Checking constraint 'SecurityConstraint[Admin Protected]' against GET /attack.html --> false
10-May-2018 11:38:20.417 FINE [http-nio-8080-exec-11] org.apache.catalina.realm.RealmBase.findSecurityConstraints   Checking constraint 'SecurityConstraint[User Protected]' against GET /attack.html --> false
10-May-2018 11:38:20.418 FINE [http-nio-8080-exec-11] org.apache.catalina.realm.RealmBase.findSecurityConstraints   Checking constraint 'SecurityConstraint[Admin Protected]' against GET /attack.html --> false
10-May-2018 11:38:20.420 FINE [http-nio-8080-exec-11] org.apache.catalina.realm.RealmBase.findSecurityConstraints   Checking constraint 'SecurityConstraint[User Protected]' against GET /attack.html --> false
10-May-2018 11:38:20.422 FINE [http-nio-8080-exec-11] org.apache.catalina.realm.RealmBase.findSecurityConstraints   No applicable constraint located
10-May-2018 11:38:20.423 FINE [http-nio-8080-exec-11] org.apache.catalina.authenticator.AuthenticatorBase.invoke  Not subject to any constraint
10-May-2018 11:39:07.461 FINE [http-nio-8080-exec-17] org.apache.catalina.authenticator.AuthenticatorBase.invoke Security checking request GET /WebProject/GitAuth
10-May-2018 11:39:07.462 FINE [http-nio-8080-exec-17] org.apache.catalina.realm.RealmBase.findSecurityConstraints   Checking constraint 'SecurityConstraint[User Protected]' against GET /GitAuth --> false
10-May-2018 11:39:07.462 FINE [http-nio-8080-exec-17] org.apache.catalina.realm.RealmBase.findSecurityConstraints   Checking constraint 'SecurityConstraint[Admin Protected]' against GET /GitAuth --> false
10-May-2018 11:39:07.463 FINE [http-nio-8080-exec-17] org.apache.catalina.realm.RealmBase.findSecurityConstraints   Checking constraint 'SecurityConstraint[User Protected]' against GET /GitAuth --> false
10-May-2018 11:39:07.463 FINE [http-nio-8080-exec-17] org.apache.catalina.realm.RealmBase.findSecurityConstraints   Checking constraint 'SecurityConstraint[Admin Protected]' against GET /GitAuth --> false
10-May-2018 11:39:07.464 FINE [http-nio-8080-exec-17] org.apache.catalina.realm.RealmBase.findSecurityConstraints   Checking constraint 'SecurityConstraint[User Protected]' against GET /GitAuth --> false
10-May-2018 11:39:07.465 FINE [http-nio-8080-exec-17] org.apache.catalina.realm.RealmBase.findSecurityConstraints   Checking constraint 'SecurityConstraint[Admin Protected]' against GET /GitAuth --> false
10-May-2018 11:39:07.465 FINE [http-nio-8080-exec-17] org.apache.catalina.realm.RealmBase.findSecurityConstraints   Checking constraint 'SecurityConstraint[User Protected]' against GET /GitAuth --> false
10-May-2018 11:39:07.465 FINE [http-nio-8080-exec-17] org.apache.catalina.realm.RealmBase.findSecurityConstraints   Checking constraint 'SecurityConstraint[Admin Protected]' against GET /GitAuth --> false
10-May-2018 11:39:07.466 FINE [http-nio-8080-exec-17] org.apache.catalina.realm.RealmBase.findSecurityConstraints   No applicable constraint located
10-May-2018 11:39:07.466 FINE [http-nio-8080-exec-17] org.apache.catalina.authenticator.AuthenticatorBase.invoke  Not subject to any constraint
10-May-2018 11:48:35.372 FINE [http-nio-8080-exec-13] org.apache.catalina.authenticator.AuthenticatorBase.invoke Security checking request POST /WebProject/j_security_check
10-May-2018 11:48:35.373 FINE [http-nio-8080-exec-13] org.apache.catalina.realm.RealmBase.findSecurityConstraints   Checking constraint 'SecurityConstraint[User Protected]' against POST /j_security_check --> false
10-May-2018 11:48:35.373 FINE [http-nio-8080-exec-13] org.apache.catalina.realm.RealmBase.findSecurityConstraints   Checking constraint 'SecurityConstraint[Admin Protected]' against POST /j_security_check --> false
10-May-2018 11:48:35.373 FINE [http-nio-8080-exec-13] org.apache.catalina.realm.RealmBase.findSecurityConstraints   Checking constraint 'SecurityConstraint[User Protected]' against POST /j_security_check --> false
10-May-2018 11:48:35.374 FINE [http-nio-8080-exec-13] org.apache.catalina.realm.RealmBase.findSecurityConstraints   Checking constraint 'SecurityConstraint[Admin Protected]' against POST /j_security_check --> false
10-May-2018 11:48:35.374 FINE [http-nio-8080-exec-13] org.apache.catalina.realm.RealmBase.findSecurityConstraints   Checking constraint 'SecurityConstraint[User Protected]' against POST /j_security_check --> false
10-May-2018 11:48:35.374 FINE [http-nio-8080-exec-13] org.apache.catalina.realm.RealmBase.findSecurityConstraints   Checking constraint 'SecurityConstraint[Admin Protected]' against POST /j_security_check --> false
10-May-2018 11:48:35.374 FINE [http-nio-8080-exec-13] org.apache.catalina.realm.RealmBase.findSecurityConstraints   Checking constraint 'SecurityConstraint[User Protected]' against POST /j_security_check --> false
10-May-2018 11:48:35.375 FINE [http-nio-8080-exec-13] org.apache.catalina.realm.RealmBase.findSecurityConstraints   Checking constraint 'SecurityConstraint[Admin Protected]' against POST /j_security_check --> false
10-May-2018 11:48:35.375 FINE [http-nio-8080-exec-13] org.apache.catalina.realm.RealmBase.findSecurityConstraints   No applicable constraint located
10-May-2018 11:48:35.375 FINE [http-nio-8080-exec-13] org.apache.catalina.authenticator.AuthenticatorBase.invoke  Calling authenticate()
10-May-2018 11:48:35.375 FINE [http-nio-8080-exec-13] org.apache.catalina.authenticator.FormAuthenticator.doAuthenticate Authenticating username 'eric'
10-May-2018 11:48:35.376 FINE [http-nio-8080-exec-13] org.apache.catalina.realm.CombinedRealm.authenticate Attempting to authenticate user [eric] with realm [org.apache.catalina.realm.JDBCRealm]
10-May-2018 11:48:35.380 SEVERE [http-nio-8080-exec-13] org.apache.catalina.realm.JDBCRealm.authenticate Exception performing authentication
 java.sql.SQLException: Access denied for user 'root'@'localhost' (using password: YES)
	at com.mysql.jdbc.SQLError.createSQLException(SQLError.java:965)
	at com.mysql.jdbc.MysqlIO.checkErrorPacket(MysqlIO.java:3976)
	at com.mysql.jdbc.MysqlIO.checkErrorPacket(MysqlIO.java:3912)
	at com.mysql.jdbc.MysqlIO.checkErrorPacket(MysqlIO.java:871)
	at com.mysql.jdbc.MysqlIO.proceedHandshakeWithPluggableAuthentication(MysqlIO.java:1714)
	at com.mysql.jdbc.MysqlIO.doHandshake(MysqlIO.java:1224)
	at com.mysql.jdbc.ConnectionImpl.coreConnect(ConnectionImpl.java:2190)
	at com.mysql.jdbc.ConnectionImpl.connectOneTryOnly(ConnectionImpl.java:2221)
	at com.mysql.jdbc.ConnectionImpl.createNewIO(ConnectionImpl.java:2016)
	at com.mysql.jdbc.ConnectionImpl.<init>(ConnectionImpl.java:776)
	at com.mysql.jdbc.JDBC4Connection.<init>(JDBC4Connection.java:47)
	at sun.reflect.NativeConstructorAccessorImpl.newInstance0(Native Method)
	at sun.reflect.NativeConstructorAccessorImpl.newInstance(NativeConstructorAccessorImpl.java:62)
	at sun.reflect.DelegatingConstructorAccessorImpl.newInstance(DelegatingConstructorAccessorImpl.java:45)
	at java.lang.reflect.Constructor.newInstance(Constructor.java:423)
	at com.mysql.jdbc.Util.handleNewInstance(Util.java:425)
	at com.mysql.jdbc.ConnectionImpl.getInstance(ConnectionImpl.java:386)
	at com.mysql.jdbc.NonRegisteringDriver.connect(NonRegisteringDriver.java:330)
	at org.apache.catalina.realm.JDBCRealm.open(JDBCRealm.java:670)
	at org.apache.catalina.realm.JDBCRealm.authenticate(JDBCRealm.java:325)
	at org.apache.catalina.realm.CombinedRealm.authenticate(CombinedRealm.java:195)
	at org.apache.catalina.realm.LockOutRealm.authenticate(LockOutRealm.java:158)
	at org.apache.catalina.authenticator.FormAuthenticator.doAuthenticate(FormAuthenticator.java:264)
	at org.apache.catalina.authenticator.AuthenticatorBase.invoke(AuthenticatorBase.java:578)
	at org.apache.catalina.core.StandardHostValve.invoke(StandardHostValve.java:140)
	at org.apache.catalina.valves.ErrorReportValve.invoke(ErrorReportValve.java:81)
	at org.apache.catalina.valves.AbstractAccessLogValve.invoke(AbstractAccessLogValve.java:650)
	at org.apache.catalina.core.StandardEngineValve.invoke(StandardEngineValve.java:87)
	at org.apache.catalina.connector.CoyoteAdapter.service(CoyoteAdapter.java:342)
	at org.apache.coyote.http11.Http11Processor.service(Http11Processor.java:803)
	at org.apache.coyote.AbstractProcessorLight.process(AbstractProcessorLight.java:66)
	at org.apache.coyote.AbstractProtocol$ConnectionHandler.process(AbstractProtocol.java:790)
	at org.apache.tomcat.util.net.NioEndpoint$SocketProcessor.doRun(NioEndpoint.java:1459)
	at org.apache.tomcat.util.net.SocketProcessorBase.run(SocketProcessorBase.java:49)
	at java.util.concurrent.ThreadPoolExecutor.runWorker(ThreadPoolExecutor.java:1149)
	at java.util.concurrent.ThreadPoolExecutor$Worker.run(ThreadPoolExecutor.java:624)
	at org.apache.tomcat.util.threads.TaskThread$WrappingRunnable.run(TaskThread.java:61)
	at java.lang.Thread.run(Thread.java:748)

10-May-2018 11:48:35.384 SEVERE [http-nio-8080-exec-13] org.apache.catalina.realm.JDBCRealm.authenticate Exception performing authentication
 java.sql.SQLException: Access denied for user 'root'@'localhost' (using password: YES)
	at com.mysql.jdbc.SQLError.createSQLException(SQLError.java:965)
	at com.mysql.jdbc.MysqlIO.checkErrorPacket(MysqlIO.java:3976)
	at com.mysql.jdbc.MysqlIO.checkErrorPacket(MysqlIO.java:3912)
	at com.mysql.jdbc.MysqlIO.checkErrorPacket(MysqlIO.java:871)
	at com.mysql.jdbc.MysqlIO.proceedHandshakeWithPluggableAuthentication(MysqlIO.java:1714)
	at com.mysql.jdbc.MysqlIO.doHandshake(MysqlIO.java:1224)
	at com.mysql.jdbc.ConnectionImpl.coreConnect(ConnectionImpl.java:2190)
	at com.mysql.jdbc.ConnectionImpl.connectOneTryOnly(ConnectionImpl.java:2221)
	at com.mysql.jdbc.ConnectionImpl.createNewIO(ConnectionImpl.java:2016)
	at com.mysql.jdbc.ConnectionImpl.<init>(ConnectionImpl.java:776)
	at com.mysql.jdbc.JDBC4Connection.<init>(JDBC4Connection.java:47)
	at sun.reflect.NativeConstructorAccessorImpl.newInstance0(Native Method)
	at sun.reflect.NativeConstructorAccessorImpl.newInstance(NativeConstructorAccessorImpl.java:62)
	at sun.reflect.DelegatingConstructorAccessorImpl.newInstance(DelegatingConstructorAccessorImpl.java:45)
	at java.lang.reflect.Constructor.newInstance(Constructor.java:423)
	at com.mysql.jdbc.Util.handleNewInstance(Util.java:425)
	at com.mysql.jdbc.ConnectionImpl.getInstance(ConnectionImpl.java:386)
	at com.mysql.jdbc.NonRegisteringDriver.connect(NonRegisteringDriver.java:330)
	at org.apache.catalina.realm.JDBCRealm.open(JDBCRealm.java:670)
	at org.apache.catalina.realm.JDBCRealm.authenticate(JDBCRealm.java:325)
	at org.apache.catalina.realm.CombinedRealm.authenticate(CombinedRealm.java:195)
	at org.apache.catalina.realm.LockOutRealm.authenticate(LockOutRealm.java:158)
	at org.apache.catalina.authenticator.FormAuthenticator.doAuthenticate(FormAuthenticator.java:264)
	at org.apache.catalina.authenticator.AuthenticatorBase.invoke(AuthenticatorBase.java:578)
	at org.apache.catalina.core.StandardHostValve.invoke(StandardHostValve.java:140)
	at org.apache.catalina.valves.ErrorReportValve.invoke(ErrorReportValve.java:81)
	at org.apache.catalina.valves.AbstractAccessLogValve.invoke(AbstractAccessLogValve.java:650)
	at org.apache.catalina.core.StandardEngineValve.invoke(StandardEngineValve.java:87)
	at org.apache.catalina.connector.CoyoteAdapter.service(CoyoteAdapter.java:342)
	at org.apache.coyote.http11.Http11Processor.service(Http11Processor.java:803)
	at org.apache.coyote.AbstractProcessorLight.process(AbstractProcessorLight.java:66)
	at org.apache.coyote.AbstractProtocol$ConnectionHandler.process(AbstractProtocol.java:790)
	at org.apache.tomcat.util.net.NioEndpoint$SocketProcessor.doRun(NioEndpoint.java:1459)
	at org.apache.tomcat.util.net.SocketProcessorBase.run(SocketProcessorBase.java:49)
	at java.util.concurrent.ThreadPoolExecutor.runWorker(ThreadPoolExecutor.java:1149)
	at java.util.concurrent.ThreadPoolExecutor$Worker.run(ThreadPoolExecutor.java:624)
	at org.apache.tomcat.util.threads.TaskThread$WrappingRunnable.run(TaskThread.java:61)
	at java.lang.Thread.run(Thread.java:748)

10-May-2018 11:48:35.385 FINE [http-nio-8080-exec-13] org.apache.catalina.realm.CombinedRealm.authenticate Failed to authenticate user [eric] with realm [org.apache.catalina.realm.JDBCRealm]
10-May-2018 11:48:35.387 FINE [http-nio-8080-exec-13] org.apache.catalina.authenticator.AuthenticatorBase.invoke  Failed authenticate() test
10-May-2018 11:48:43.860 FINE [http-nio-8080-exec-20] org.apache.catalina.authenticator.AuthenticatorBase.invoke Security checking request POST /WebProject/Register
10-May-2018 11:48:43.860 FINE [http-nio-8080-exec-20] org.apache.catalina.realm.RealmBase.findSecurityConstraints   Checking constraint 'SecurityConstraint[User Protected]' against POST /Register --> false
10-May-2018 11:48:43.861 FINE [http-nio-8080-exec-20] org.apache.catalina.realm.RealmBase.findSecurityConstraints   Checking constraint 'SecurityConstraint[Admin Protected]' against POST /Register --> false
10-May-2018 11:48:43.861 FINE [http-nio-8080-exec-20] org.apache.catalina.realm.RealmBase.findSecurityConstraints   Checking constraint 'SecurityConstraint[User Protected]' against POST /Register --> false
10-May-2018 11:48:43.862 FINE [http-nio-8080-exec-20] org.apache.catalina.realm.RealmBase.findSecurityConstraints   Checking constraint 'SecurityConstraint[Admin Protected]' against POST /Register --> false
10-May-2018 11:48:43.863 FINE [http-nio-8080-exec-20] org.apache.catalina.realm.RealmBase.findSecurityConstraints   Checking constraint 'SecurityConstraint[User Protected]' against POST /Register --> false
10-May-2018 11:48:43.863 FINE [http-nio-8080-exec-20] org.apache.catalina.realm.RealmBase.findSecurityConstraints   Checking constraint 'SecurityConstraint[Admin Protected]' against POST /Register --> false
10-May-2018 11:48:43.863 FINE [http-nio-8080-exec-20] org.apache.catalina.realm.RealmBase.findSecurityConstraints   Checking constraint 'SecurityConstraint[User Protected]' against POST /Register --> false
10-May-2018 11:48:43.863 FINE [http-nio-8080-exec-20] org.apache.catalina.realm.RealmBase.findSecurityConstraints   Checking constraint 'SecurityConstraint[Admin Protected]' against POST /Register --> false
10-May-2018 11:48:43.863 FINE [http-nio-8080-exec-20] org.apache.catalina.realm.RealmBase.findSecurityConstraints   No applicable constraint located
10-May-2018 11:48:43.863 FINE [http-nio-8080-exec-20] org.apache.catalina.authenticator.AuthenticatorBase.invoke  Not subject to any constraint
10-May-2018 11:48:52.076 FINE [http-nio-8080-exec-19] org.apache.catalina.authenticator.AuthenticatorBase.invoke Security checking request POST /WebProject/Register
10-May-2018 11:48:52.077 FINE [http-nio-8080-exec-19] org.apache.catalina.realm.RealmBase.findSecurityConstraints   Checking constraint 'SecurityConstraint[User Protected]' against POST /Register --> false
10-May-2018 11:48:52.077 FINE [http-nio-8080-exec-19] org.apache.catalina.realm.RealmBase.findSecurityConstraints   Checking constraint 'SecurityConstraint[Admin Protected]' against POST /Register --> false
10-May-2018 11:48:52.078 FINE [http-nio-8080-exec-19] org.apache.catalina.realm.RealmBase.findSecurityConstraints   Checking constraint 'SecurityConstraint[User Protected]' against POST /Register --> false
10-May-2018 11:48:52.078 FINE [http-nio-8080-exec-19] org.apache.catalina.realm.RealmBase.findSecurityConstraints   Checking constraint 'SecurityConstraint[Admin Protected]' against POST /Register --> false
10-May-2018 11:48:52.078 FINE [http-nio-8080-exec-19] org.apache.catalina.realm.RealmBase.findSecurityConstraints   Checking constraint 'SecurityConstraint[User Protected]' against POST /Register --> false
10-May-2018 11:48:52.078 FINE [http-nio-8080-exec-19] org.apache.catalina.realm.RealmBase.findSecurityConstraints   Checking constraint 'SecurityConstraint[Admin Protected]' against POST /Register --> false
10-May-2018 11:48:52.079 FINE [http-nio-8080-exec-19] org.apache.catalina.realm.RealmBase.findSecurityConstraints   Checking constraint 'SecurityConstraint[User Protected]' against POST /Register --> false
10-May-2018 11:48:52.079 FINE [http-nio-8080-exec-19] org.apache.catalina.realm.RealmBase.findSecurityConstraints   Checking constraint 'SecurityConstraint[Admin Protected]' against POST /Register --> false
10-May-2018 11:48:52.080 FINE [http-nio-8080-exec-19] org.apache.catalina.realm.RealmBase.findSecurityConstraints   No applicable constraint located
10-May-2018 11:48:52.080 FINE [http-nio-8080-exec-19] org.apache.catalina.authenticator.AuthenticatorBase.invoke  Not subject to any constraint
10-May-2018 11:49:08.980 FINE [http-nio-8080-exec-16] org.apache.catalina.authenticator.AuthenticatorBase.invoke Security checking request POST /WebProject/j_security_check
10-May-2018 11:49:08.981 FINE [http-nio-8080-exec-16] org.apache.catalina.realm.RealmBase.findSecurityConstraints   Checking constraint 'SecurityConstraint[User Protected]' against POST /j_security_check --> false
10-May-2018 11:49:08.982 FINE [http-nio-8080-exec-16] org.apache.catalina.realm.RealmBase.findSecurityConstraints   Checking constraint 'SecurityConstraint[Admin Protected]' against POST /j_security_check --> false
10-May-2018 11:49:08.983 FINE [http-nio-8080-exec-16] org.apache.catalina.realm.RealmBase.findSecurityConstraints   Checking constraint 'SecurityConstraint[User Protected]' against POST /j_security_check --> false
10-May-2018 11:49:08.983 FINE [http-nio-8080-exec-16] org.apache.catalina.realm.RealmBase.findSecurityConstraints   Checking constraint 'SecurityConstraint[Admin Protected]' against POST /j_security_check --> false
10-May-2018 11:49:08.984 FINE [http-nio-8080-exec-16] org.apache.catalina.realm.RealmBase.findSecurityConstraints   Checking constraint 'SecurityConstraint[User Protected]' against POST /j_security_check --> false
10-May-2018 11:49:08.984 FINE [http-nio-8080-exec-16] org.apache.catalina.realm.RealmBase.findSecurityConstraints   Checking constraint 'SecurityConstraint[Admin Protected]' against POST /j_security_check --> false
10-May-2018 11:49:08.984 FINE [http-nio-8080-exec-16] org.apache.catalina.realm.RealmBase.findSecurityConstraints   Checking constraint 'SecurityConstraint[User Protected]' against POST /j_security_check --> false
10-May-2018 11:49:08.985 FINE [http-nio-8080-exec-16] org.apache.catalina.realm.RealmBase.findSecurityConstraints   Checking constraint 'SecurityConstraint[Admin Protected]' against POST /j_security_check --> false
10-May-2018 11:49:08.985 FINE [http-nio-8080-exec-16] org.apache.catalina.realm.RealmBase.findSecurityConstraints   No applicable constraint located
10-May-2018 11:49:08.985 FINE [http-nio-8080-exec-16] org.apache.catalina.authenticator.AuthenticatorBase.invoke  Calling authenticate()
10-May-2018 11:49:08.985 FINE [http-nio-8080-exec-16] org.apache.catalina.authenticator.FormAuthenticator.doAuthenticate Authenticating username '<script>alert("hello")</script>'
10-May-2018 11:49:08.986 FINE [http-nio-8080-exec-16] org.apache.catalina.realm.CombinedRealm.authenticate Attempting to authenticate user [<script>alert("hello")</script>] with realm [org.apache.catalina.realm.JDBCRealm]
10-May-2018 11:49:08.990 SEVERE [http-nio-8080-exec-16] org.apache.catalina.realm.JDBCRealm.authenticate Exception performing authentication
 java.sql.SQLException: Access denied for user 'root'@'localhost' (using password: YES)
	at com.mysql.jdbc.SQLError.createSQLException(SQLError.java:965)
	at com.mysql.jdbc.MysqlIO.checkErrorPacket(MysqlIO.java:3976)
	at com.mysql.jdbc.MysqlIO.checkErrorPacket(MysqlIO.java:3912)
	at com.mysql.jdbc.MysqlIO.checkErrorPacket(MysqlIO.java:871)
	at com.mysql.jdbc.MysqlIO.proceedHandshakeWithPluggableAuthentication(MysqlIO.java:1714)
	at com.mysql.jdbc.MysqlIO.doHandshake(MysqlIO.java:1224)
	at com.mysql.jdbc.ConnectionImpl.coreConnect(ConnectionImpl.java:2190)
	at com.mysql.jdbc.ConnectionImpl.connectOneTryOnly(ConnectionImpl.java:2221)
	at com.mysql.jdbc.ConnectionImpl.createNewIO(ConnectionImpl.java:2016)
	at com.mysql.jdbc.ConnectionImpl.<init>(ConnectionImpl.java:776)
	at com.mysql.jdbc.JDBC4Connection.<init>(JDBC4Connection.java:47)
	at sun.reflect.NativeConstructorAccessorImpl.newInstance0(Native Method)
	at sun.reflect.NativeConstructorAccessorImpl.newInstance(NativeConstructorAccessorImpl.java:62)
	at sun.reflect.DelegatingConstructorAccessorImpl.newInstance(DelegatingConstructorAccessorImpl.java:45)
	at java.lang.reflect.Constructor.newInstance(Constructor.java:423)
	at com.mysql.jdbc.Util.handleNewInstance(Util.java:425)
	at com.mysql.jdbc.ConnectionImpl.getInstance(ConnectionImpl.java:386)
	at com.mysql.jdbc.NonRegisteringDriver.connect(NonRegisteringDriver.java:330)
	at org.apache.catalina.realm.JDBCRealm.open(JDBCRealm.java:670)
	at org.apache.catalina.realm.JDBCRealm.authenticate(JDBCRealm.java:325)
	at org.apache.catalina.realm.CombinedRealm.authenticate(CombinedRealm.java:195)
	at org.apache.catalina.realm.LockOutRealm.authenticate(LockOutRealm.java:158)
	at org.apache.catalina.authenticator.FormAuthenticator.doAuthenticate(FormAuthenticator.java:264)
	at org.apache.catalina.authenticator.AuthenticatorBase.invoke(AuthenticatorBase.java:578)
	at org.apache.catalina.core.StandardHostValve.invoke(StandardHostValve.java:140)
	at org.apache.catalina.valves.ErrorReportValve.invoke(ErrorReportValve.java:81)
	at org.apache.catalina.valves.AbstractAccessLogValve.invoke(AbstractAccessLogValve.java:650)
	at org.apache.catalina.core.StandardEngineValve.invoke(StandardEngineValve.java:87)
	at org.apache.catalina.connector.CoyoteAdapter.service(CoyoteAdapter.java:342)
	at org.apache.coyote.http11.Http11Processor.service(Http11Processor.java:803)
	at org.apache.coyote.AbstractProcessorLight.process(AbstractProcessorLight.java:66)
	at org.apache.coyote.AbstractProtocol$ConnectionHandler.process(AbstractProtocol.java:790)
	at org.apache.tomcat.util.net.NioEndpoint$SocketProcessor.doRun(NioEndpoint.java:1459)
	at org.apache.tomcat.util.net.SocketProcessorBase.run(SocketProcessorBase.java:49)
	at java.util.concurrent.ThreadPoolExecutor.runWorker(ThreadPoolExecutor.java:1149)
	at java.util.concurrent.ThreadPoolExecutor$Worker.run(ThreadPoolExecutor.java:624)
	at org.apache.tomcat.util.threads.TaskThread$WrappingRunnable.run(TaskThread.java:61)
	at java.lang.Thread.run(Thread.java:748)

10-May-2018 11:49:08.994 SEVERE [http-nio-8080-exec-16] org.apache.catalina.realm.JDBCRealm.authenticate Exception performing authentication
 java.sql.SQLException: Access denied for user 'root'@'localhost' (using password: YES)
	at com.mysql.jdbc.SQLError.createSQLException(SQLError.java:965)
	at com.mysql.jdbc.MysqlIO.checkErrorPacket(MysqlIO.java:3976)
	at com.mysql.jdbc.MysqlIO.checkErrorPacket(MysqlIO.java:3912)
	at com.mysql.jdbc.MysqlIO.checkErrorPacket(MysqlIO.java:871)
	at com.mysql.jdbc.MysqlIO.proceedHandshakeWithPluggableAuthentication(MysqlIO.java:1714)
	at com.mysql.jdbc.MysqlIO.doHandshake(MysqlIO.java:1224)
	at com.mysql.jdbc.ConnectionImpl.coreConnect(ConnectionImpl.java:2190)
	at com.mysql.jdbc.ConnectionImpl.connectOneTryOnly(ConnectionImpl.java:2221)
	at com.mysql.jdbc.ConnectionImpl.createNewIO(ConnectionImpl.java:2016)
	at com.mysql.jdbc.ConnectionImpl.<init>(ConnectionImpl.java:776)
	at com.mysql.jdbc.JDBC4Connection.<init>(JDBC4Connection.java:47)
	at sun.reflect.NativeConstructorAccessorImpl.newInstance0(Native Method)
	at sun.reflect.NativeConstructorAccessorImpl.newInstance(NativeConstructorAccessorImpl.java:62)
	at sun.reflect.DelegatingConstructorAccessorImpl.newInstance(DelegatingConstructorAccessorImpl.java:45)
	at java.lang.reflect.Constructor.newInstance(Constructor.java:423)
	at com.mysql.jdbc.Util.handleNewInstance(Util.java:425)
	at com.mysql.jdbc.ConnectionImpl.getInstance(ConnectionImpl.java:386)
	at com.mysql.jdbc.NonRegisteringDriver.connect(NonRegisteringDriver.java:330)
	at org.apache.catalina.realm.JDBCRealm.open(JDBCRealm.java:670)
	at org.apache.catalina.realm.JDBCRealm.authenticate(JDBCRealm.java:325)
	at org.apache.catalina.realm.CombinedRealm.authenticate(CombinedRealm.java:195)
	at org.apache.catalina.realm.LockOutRealm.authenticate(LockOutRealm.java:158)
	at org.apache.catalina.authenticator.FormAuthenticator.doAuthenticate(FormAuthenticator.java:264)
	at org.apache.catalina.authenticator.AuthenticatorBase.invoke(AuthenticatorBase.java:578)
	at org.apache.catalina.core.StandardHostValve.invoke(StandardHostValve.java:140)
	at org.apache.catalina.valves.ErrorReportValve.invoke(ErrorReportValve.java:81)
	at org.apache.catalina.valves.AbstractAccessLogValve.invoke(AbstractAccessLogValve.java:650)
	at org.apache.catalina.core.StandardEngineValve.invoke(StandardEngineValve.java:87)
	at org.apache.catalina.connector.CoyoteAdapter.service(CoyoteAdapter.java:342)
	at org.apache.coyote.http11.Http11Processor.service(Http11Processor.java:803)
	at org.apache.coyote.AbstractProcessorLight.process(AbstractProcessorLight.java:66)
	at org.apache.coyote.AbstractProtocol$ConnectionHandler.process(AbstractProtocol.java:790)
	at org.apache.tomcat.util.net.NioEndpoint$SocketProcessor.doRun(NioEndpoint.java:1459)
	at org.apache.tomcat.util.net.SocketProcessorBase.run(SocketProcessorBase.java:49)
	at java.util.concurrent.ThreadPoolExecutor.runWorker(ThreadPoolExecutor.java:1149)
	at java.util.concurrent.ThreadPoolExecutor$Worker.run(ThreadPoolExecutor.java:624)
	at org.apache.tomcat.util.threads.TaskThread$WrappingRunnable.run(TaskThread.java:61)
	at java.lang.Thread.run(Thread.java:748)

10-May-2018 11:49:08.995 FINE [http-nio-8080-exec-16] org.apache.catalina.realm.CombinedRealm.authenticate Failed to authenticate user [<script>alert("hello")</script>] with realm [org.apache.catalina.realm.JDBCRealm]
10-May-2018 11:49:08.996 FINE [http-nio-8080-exec-16] org.apache.catalina.authenticator.AuthenticatorBase.invoke  Failed authenticate() test
